#
# A fatal error has been detected by the Java Runtime Environment:
#
#  EXCEPTION_ACCESS_VIOLATION (0xc0000005) at pc=0x00007ffb831ae0a9, pid=3700, tid=5472
#
# JRE version: OpenJDK Runtime Environment Microsoft-8035246 (17.0.8+7) (build 17.0.8+7-LTS)
# Java VM: OpenJDK 64-Bit Server VM Microsoft-8035246 (17.0.8+7-LTS, mixed mode, sharing, tiered, compressed oops, compressed class ptrs, g1 gc, windows-amd64)
# Problematic frame:
# V  [jvm.dll+0x2be0a9]
#
# No core dump will be written. Minidumps are not enabled by default on client versions of Windows
#
# If you would like to submit a bug report, please visit:
#   https://github.com/microsoft/openjdk/issues
#

---------------  S U M M A R Y ------------

Command Line: -XX:MaxMetaspaceSize=512m --add-opens=java.base/java.util=ALL-UNNAMED --add-opens=java.base/java.lang=ALL-UNNAMED --add-opens=java.base/java.lang.invoke=ALL-UNNAMED --add-opens=java.prefs/java.util.prefs=ALL-UNNAMED --add-opens=java.base/java.nio.charset=ALL-UNNAMED --add-opens=java.base/java.net=ALL-UNNAMED --add-opens=java.base/java.util.concurrent.atomic=ALL-UNNAMED -Xmx2048m -Dfile.encoding=windows-1252 -Duser.country=US -Duser.language=en -Duser.variant org.gradle.launcher.daemon.bootstrap.GradleDaemon 8.0.1

Host: Intel(R) Core(TM) i3-6006U CPU @ 2.00GHz, 4 cores, 7G,  Windows 10 , 64 bit Build 19041 (10.0.19041.3636)
Time: Mon Jan 15 20:48:20 2024 Bangladesh Standard Time elapsed time: 147.790529 seconds (0d 0h 2m 27s)

---------------  T H R E A D  ---------------

Current thread (0x0000024550345890):  JavaThread "C2 CompilerThread1" daemon [_thread_in_native, id=5472, stack(0x000000a831100000,0x000000a831200000)]


Current CompileTask:
C2: 147790 17200   !   4       org.gradle.cache.internal.DefaultMultiProcessSafePersistentIndexedCache::getIfPresent (25 bytes)

Stack: [0x000000a831100000,0x000000a831200000],  sp=0x000000a8311fb630,  free space=1005k
Native frames: (J=compiled Java code, j=interpreted, Vv=VM code, C=native code)
V  [jvm.dll+0x2be0a9]
V  [jvm.dll+0x21ba8b]
V  [jvm.dll+0x21944b]
V  [jvm.dll+0x1a56b6]
V  [jvm.dll+0x2291ea]
V  [jvm.dll+0x22724c]
V  [jvm.dll+0x7efd0c]
V  [jvm.dll+0x7ea13a]
V  [jvm.dll+0x67ad85]
C  [ucrtbase.dll+0x21bb2]
C  [KERNEL32.DLL+0x17344]
C  [ntdll.dll+0x526b1]


siginfo: EXCEPTION_ACCESS_VIOLATION (0xc0000005), reading address 0x0000000000000028


Register to memory mapping:

RIP=0x00007ffb831ae0a9 jvm.dll
RAX=0x00000245555c2020 points into unknown readable memory: 0x0000000000000000 | 00 00 00 00 00 00 00 00
RBX=0x0000000000001265 is an unknown value
RCX=0x0 is NULL
RDX=0x0 is NULL
RSP=0x000000a8311fb630 is pointing into the stack for thread: 0x0000024550345890
RBP=0x000000a8311fb6a0 is pointing into the stack for thread: 0x0000024550345890
RSI=0x0 is NULL
RDI=0x000000000000003c is an unknown value
R8 =0x000000000000ffe0 is an unknown value
R9 =0x0 is NULL
R10=0x00007ffb83c10000 VCRUNTIME140.dll
R11=0x00000245555c2040 points into unknown readable memory: 0x0000000000000000 | 00 00 00 00 00 00 00 00
R12=0x0000000000000050 is an unknown value
R13=0x0 is NULL
R14=0x0 is NULL
R15=0x000000a8311fe850 is pointing into the stack for thread: 0x0000024550345890


Registers:
RAX=0x00000245555c2020, RBX=0x0000000000001265, RCX=0x0000000000000000, RDX=0x0000000000000000
RSP=0x000000a8311fb630, RBP=0x000000a8311fb6a0, RSI=0x0000000000000000, RDI=0x000000000000003c
R8 =0x000000000000ffe0, R9 =0x0000000000000000, R10=0x00007ffb83c10000, R11=0x00000245555c2040
R12=0x0000000000000050, R13=0x0000000000000000, R14=0x0000000000000000, R15=0x000000a8311fe850
RIP=0x00007ffb831ae0a9, EFLAGS=0x0000000000010202

Top of Stack: (sp=0x000000a8311fb630)
0x000000a8311fb630:   0000000000001265 0000000000000000
0x000000a8311fb640:   000000a8311fe850 00007ffb831138d1
0x000000a8311fb650:   0000024552e804d0 00007ffb00002000
0x000000a8311fb660:   00000245555c2020 0000000000000000
0x000000a8311fb670:   0000000000000002 000002455c1981e0
0x000000a8311fb680:   0000000000000002 0000024552e804d0
0x000000a8311fb690:   0000000000000000 0000000000000000
0x000000a8311fb6a0:   000002455ba6f2b0 000002450ffd9c10
0x000000a8311fb6b0:   000000000000003c 00007ffb83834c08
0x000000a8311fb6c0:   000000a8311fb7d0 00007ffb8310ba8b
0x000000a8311fb6d0:   000000a8311fe850 00007ffb83834c08
0x000000a8311fb6e0:   000000a8311fe850 000000a8311fb7d0
0x000000a8311fb6f0:   0000000000000000 0000000000000050
0x000000a8311fb700:   000000a80000000f 000000a8311fe850
0x000000a8311fb710:   000000a8311fb880 00007ffb00000000
0x000000a8311fb720:   0000024500000100 00007ffb83834c08 

Instructions: (pc=0x00007ffb831ae0a9)
0x00007ffb831adfa9:   3b d0 75 0b ff c1 41 3b c9 7c dc 48 8b c2 c3 33
0x00007ffb831adfb9:   c0 c3 cc cc cc cc cc 48 89 5c 24 18 55 56 57 41
0x00007ffb831adfc9:   55 41 57 48 8b ec 48 83 ec 70 65 48 8b 04 25 58
0x00007ffb831adfd9:   00 00 00 48 8b f2 44 8b 05 d2 8b 90 00 4c 8b f9
0x00007ffb831adfe9:   4a 8b 1c c0 b8 50 00 00 00 80 3c 18 00 75 05 e8
0x00007ffb831adff9:   8b 6f 5d 00 b8 20 00 00 00 48 8b 04 18 48 8b 98
0x00007ffb831ae009:   38 02 00 00 48 89 5d b0 c7 45 b8 04 00 00 00 48
0x00007ffb831ae019:   8b 43 18 48 83 f8 df 76 18 4c 8d 05 37 a9 65 00
0x00007ffb831ae029:   ba 20 00 00 00 48 8b cb e8 5a eb de ff 48 8b 43
0x00007ffb831ae039:   18 48 8d 48 20 48 3b 4b 20 76 11 45 33 c0 48 8b
0x00007ffb831ae049:   cb 41 8d 50 20 e8 fd e8 de ff eb 04 48 89 4b 18
0x00007ffb831ae059:   44 8b 45 b8 33 d2 49 c1 e0 03 48 8b c8 48 89 45
0x00007ffb831ae069:   c0 e8 e3 80 5d 00 45 33 ed 48 8d 4d d0 44 89 6d
0x00007ffb831ae079:   c8 e8 01 59 56 00 41 8b 9f 40 02 00 00 41 2b 9f
0x00007ffb831ae089:   68 02 00 00 44 89 6d f0 3b 5d b8 72 0b 8b d3 48
0x00007ffb831ae099:   8d 4d b0 e8 6f b3 39 00 48 8b 45 c0 4c 89 2c d8
0x00007ffb831ae0a9:   8b 7e 28 8b df c1 eb 05 3b 5d d0 72 0b 8b d3 48
0x00007ffb831ae0b9:   8d 4d d0 e8 1f 59 56 00 48 8b 45 d8 83 e7 1f 48
0x00007ffb831ae0c9:   8d 14 98 40 0f b6 cf 41 b8 01 00 00 00 41 d3 e0
0x00007ffb831ae0d9:   8b 0a 8b c1 41 0b c0 89 02 41 85 c8 75 21 8b 5d
0x00007ffb831ae0e9:   c8 8d 43 01 89 45 c8 3b 5d b8 72 0b 8b d3 48 8d
0x00007ffb831ae0f9:   4d b0 e8 10 b3 39 00 48 8b 45 c0 48 89 34 d8 44
0x00007ffb831ae109:   39 6d c8 0f 86 77 01 00 00 4c 89 a4 24 a0 00 00
0x00007ffb831ae119:   00 4c 89 b4 24 a8 00 00 00 48 8b 45 c0 41 8b cd
0x00007ffb831ae129:   48 8b 34 c8 8b 46 2c 25 ff 1f 00 00 3d 04 10 00
0x00007ffb831ae139:   00 0f 85 a7 00 00 00 bb 01 00 00 00 39 5e 18 76
0x00007ffb831ae149:   39 66 0f 1f 44 00 00 48 8b 46 08 8b cb 48 8b 14
0x00007ffb831ae159:   c8 48 85 d2 74 1d 48 83 7a 10 00 74 16 80 7a 2c
0x00007ffb831ae169:   84 74 10 e8 7f 7e ee ff 48 8b d0 49 8b cf e8 a4
0x00007ffb831ae179:   61 f6 ff ff c3 3b 5e 18 72 cd 48 8b 5e 10 8b 46
0x00007ffb831ae189:   20 4c 8d 34 c3 49 3b de 73 54 48 8b 3b 8b 47 2c
0x00007ffb831ae199:   83 e0 03 3c 03 75 2e 48 8b 07 48 8b cf ff 90 88 


Stack slot to memory mapping:
stack at sp + 0 slots: 0x0000000000001265 is an unknown value
stack at sp + 1 slots: 0x0 is NULL
stack at sp + 2 slots: 0x000000a8311fe850 is pointing into the stack for thread: 0x0000024550345890
stack at sp + 3 slots: 0x00007ffb831138d1 jvm.dll
stack at sp + 4 slots: 0x0000024552e804d0 points into unknown readable memory: 0x616a002e00000006 | 06 00 00 00 2e 00 6a 61
stack at sp + 5 slots: 0x00007ffb00002000 is an unknown value
stack at sp + 6 slots: 0x00000245555c2020 points into unknown readable memory: 0x0000000000000000 | 00 00 00 00 00 00 00 00
stack at sp + 7 slots: 0x0 is NULL


---------------  P R O C E S S  ---------------

Threads class SMR info:
_java_thread_list=0x0000024553d58390, length=93, elements={
0x000002450ffc46d0, 0x000002452fac36d0, 0x000002452fac4460, 0x000002452fadbdd0,
0x000002452faded70, 0x000002452fae0650, 0x000002452fae0f20, 0x000002452fae3be0,
0x000002452fae4db0, 0x000002452fb488b0, 0x000002454f0c9510, 0x000002454f0d1a00,
0x0000024550694840, 0x000002454f1b25e0, 0x0000024550197350, 0x0000024550a1d230,
0x0000024550e503f0, 0x0000024550e4d150, 0x0000024550e4e080, 0x0000024550e4d660,
0x0000024550e4e590, 0x0000024550e4eaa0, 0x0000024552e09e80, 0x0000024552e0a8a0,
0x0000024552e0db40, 0x0000024552e0cc10, 0x0000024552e0c700, 0x0000024552e09970,
0x0000024552e0e050, 0x000002455290afd0, 0x00000245529059c0, 0x0000024554c1d760,
0x0000024554c1fad0, 0x0000024554c1dc70, 0x0000024554c20a00, 0x0000024554c1d250,
0x0000024554c1f5c0, 0x0000024554c21930, 0x0000024554c1f0b0, 0x0000024554c204f0,
0x0000024554c22350, 0x0000024554c1e180, 0x0000024554c1ffe0, 0x0000024554c1e690,
0x0000024554c20f10, 0x0000024554c22d70, 0x0000024554c21420, 0x0000024554c21e40,
0x0000024554c1b900, 0x0000024554c23280, 0x0000024554c1be10, 0x0000024554c1c830,
0x0000024552908750, 0x0000024552904fa0, 0x0000024552909b90, 0x0000024552907820,
0x0000024552908c60, 0x00000245529068f0, 0x0000024552905ed0, 0x00000245529063e0,
0x000002455290bf00, 0x000002455290aac0, 0x0000024552906e00, 0x0000024552907310,
0x0000024552907d30, 0x000002455290a0a0, 0x0000024552908240, 0x0000024552909170,
0x0000024552909680, 0x000002455290a5b0, 0x00000245501af160, 0x00000245501b0fc0,
0x00000245501aa060, 0x00000245501ac3d0, 0x00000245501af670, 0x00000245501b05a0,
0x00000245501aa570, 0x00000245501aaf90, 0x00000245501ab4a0, 0x00000245501aec50,
0x00000245501ad810, 0x00000245501ac8e0, 0x00000245501acdf0, 0x00000245501add20,
0x00000245501ae230, 0x00000245501ae740, 0x0000024552e0adb0, 0x0000024552e0d630,
0x0000024552e0a390, 0x0000024550345890, 0x0000024552e0ef80, 0x0000024552e0f490,
0x0000024552e0f9a0
}

Java Threads: ( => current thread )
  0x000002450ffc46d0 JavaThread "main" [_thread_blocked, id=9020, stack(0x000000a82e600000,0x000000a82e700000)]
  0x000002452fac36d0 JavaThread "Reference Handler" daemon [_thread_blocked, id=1148, stack(0x000000a82ed00000,0x000000a82ee00000)]
  0x000002452fac4460 JavaThread "Finalizer" daemon [_thread_blocked, id=7432, stack(0x000000a82ee00000,0x000000a82ef00000)]
  0x000002452fadbdd0 JavaThread "Signal Dispatcher" daemon [_thread_blocked, id=4348, stack(0x000000a82ef00000,0x000000a82f000000)]
  0x000002452faded70 JavaThread "Attach Listener" daemon [_thread_blocked, id=11928, stack(0x000000a82f000000,0x000000a82f100000)]
  0x000002452fae0650 JavaThread "Service Thread" daemon [_thread_blocked, id=13712, stack(0x000000a82f100000,0x000000a82f200000)]
  0x000002452fae0f20 JavaThread "Monitor Deflation Thread" daemon [_thread_blocked, id=9720, stack(0x000000a82f200000,0x000000a82f300000)]
  0x000002452fae3be0 JavaThread "C2 CompilerThread0" daemon [_thread_in_native, id=5860, stack(0x000000a82f300000,0x000000a82f400000)]
  0x000002452fae4db0 JavaThread "C1 CompilerThread0" daemon [_thread_blocked, id=12160, stack(0x000000a82f400000,0x000000a82f500000)]
  0x000002452fb488b0 JavaThread "Sweeper thread" daemon [_thread_blocked, id=10508, stack(0x000000a82f500000,0x000000a82f600000)]
  0x000002454f0c9510 JavaThread "Common-Cleaner" daemon [_thread_blocked, id=4528, stack(0x000000a82f600000,0x000000a82f700000)]
  0x000002454f0d1a00 JavaThread "Notification Thread" daemon [_thread_blocked, id=6652, stack(0x000000a82f700000,0x000000a82f800000)]
  0x0000024550694840 JavaThread "Daemon health stats" [_thread_blocked, id=13448, stack(0x000000a82f900000,0x000000a82fa00000)]
  0x000002454f1b25e0 JavaThread "Incoming local TCP Connector on port 62899" [_thread_in_native, id=12912, stack(0x000000a82e400000,0x000000a82e500000)]
  0x0000024550197350 JavaThread "Daemon periodic checks" [_thread_blocked, id=1408, stack(0x000000a82fd00000,0x000000a82fe00000)]
  0x0000024550a1d230 JavaThread "Daemon" [_thread_blocked, id=14184, stack(0x000000a82fe00000,0x000000a82ff00000)]
  0x0000024550e503f0 JavaThread "Daemon worker" [_thread_blocked, id=8400, stack(0x000000a830100000,0x000000a830200000)]
  0x0000024550e4d150 JavaThread "Cache worker for journal cache (C:\Users\arif\.gradle\caches\journal-1)" [_thread_blocked, id=5752, stack(0x000000a830500000,0x000000a830600000)]
  0x0000024550e4e080 JavaThread "File lock request listener" [_thread_in_native, id=2576, stack(0x000000a830600000,0x000000a830700000)]
  0x0000024550e4d660 JavaThread "Cache worker for file hash cache (C:\Users\arif\.gradle\caches\8.0.1\fileHashes)" [_thread_in_Java, id=4052, stack(0x000000a830800000,0x000000a830900000)]
  0x0000024550e4e590 JavaThread "File watcher server" daemon [_thread_in_native, id=3576, stack(0x000000a830900000,0x000000a830a00000)]
  0x0000024550e4eaa0 JavaThread "File watcher consumer" daemon [_thread_blocked, id=5800, stack(0x000000a830a00000,0x000000a830b00000)]
  0x0000024552e09e80 JavaThread "Cache worker for file content cache (C:\Users\arif\.gradle\caches\8.0.1\fileContent)" [_thread_blocked, id=10116, stack(0x000000a830d00000,0x000000a830e00000)]
  0x0000024552e0a8a0 JavaThread "Cache worker for execution history cache (C:\Users\arif\.gradle\caches\8.0.1\executionHistory)" [_thread_blocked, id=14260, stack(0x000000a831000000,0x000000a831100000)]
  0x0000024552e0db40 JavaThread "jar transforms" [_thread_blocked, id=15236, stack(0x000000a831200000,0x000000a831300000)]
  0x0000024552e0cc10 JavaThread "jar transforms Thread 2" [_thread_blocked, id=9304, stack(0x000000a831300000,0x000000a831400000)]
  0x0000024552e0c700 JavaThread "jar transforms Thread 3" [_thread_blocked, id=1936, stack(0x000000a831400000,0x000000a831500000)]
  0x0000024552e09970 JavaThread "jar transforms Thread 4" [_thread_blocked, id=10780, stack(0x000000a831500000,0x000000a831600000)]
  0x0000024552e0e050 JavaThread "Cache worker for kotlin-dsl (C:\Users\arif\.gradle\caches\8.0.1\kotlin-dsl)" [_thread_blocked, id=12464, stack(0x000000a831600000,0x000000a831700000)]
  0x000002455290afd0 JavaThread "Memory manager" [_thread_blocked, id=2140, stack(0x000000a833500000,0x000000a833600000)]
  0x00000245529059c0 JavaThread "included builds" [_thread_blocked, id=3020, stack(0x000000a833700000,0x000000a833800000)]
  0x0000024554c1d760 JavaThread "pool-3-thread-1" [_thread_blocked, id=11824, stack(0x000000a82e500000,0x000000a82e600000)]
  0x0000024554c1fad0 JavaThread "Handler for socket connection from /127.0.0.1:62899 to /127.0.0.1:62970" [_thread_in_native, id=5756, stack(0x000000a82e300000,0x000000a82e400000)]
  0x0000024554c1dc70 JavaThread "Cancel handler" [_thread_blocked, id=1048, stack(0x000000a82ff00000,0x000000a830000000)]
  0x0000024554c20a00 JavaThread "Asynchronous log dispatcher for DefaultDaemonConnection: socket connection from /127.0.0.1:62899 to /127.0.0.1:62970" [_thread_blocked, id=9276, stack(0x000000a830000000,0x000000a830100000)]
  0x0000024554c1d250 JavaThread "Stdin handler" [_thread_blocked, id=14748, stack(0x000000a830200000,0x000000a830300000)]
  0x0000024554c1f5c0 JavaThread "Daemon client event forwarder" [_thread_blocked, id=9016, stack(0x000000a830300000,0x000000a830400000)]
  0x0000024554c21930 JavaThread "Cache worker for checksums cache (C:\projects\KistiApp\android\.gradle\8.0.1\checksums)" [_thread_blocked, id=10824, stack(0x000000a830400000,0x000000a830500000)]
  0x0000024554c1f0b0 JavaThread "Cache worker for cache directory md-rule (C:\Users\arif\.gradle\caches\8.0.1\md-rule)" [_thread_blocked, id=2464, stack(0x000000a830700000,0x000000a830800000)]
  0x0000024554c204f0 JavaThread "Cache worker for file hash cache (C:\projects\KistiApp\android\.gradle\8.0.1\fileHashes)" [_thread_blocked, id=9788, stack(0x000000a830b00000,0x000000a830c00000)]
  0x0000024554c22350 JavaThread "Cache worker for cache directory md-supplier (C:\Users\arif\.gradle\caches\8.0.1\md-supplier)" [_thread_blocked, id=9268, stack(0x000000a830c00000,0x000000a830d00000)]
  0x0000024554c1e180 JavaThread "Cache worker for dependencies-accessors (C:\projects\KistiApp\android\.gradle\8.0.1\dependencies-accessors)" [_thread_blocked, id=5456, stack(0x000000a830e00000,0x000000a830f00000)]
  0x0000024554c1ffe0 JavaThread "Cache worker for Build Output Cleanup Cache (C:\projects\KistiApp\node_modules\@react-native\gradle-plugin\.gradle\buildOutputCleanup)" [_thread_blocked, id=1884, stack(0x000000a831700000,0x000000a831800000)]
  0x0000024554c1e690 JavaThread "Unconstrained build operations" [_thread_blocked, id=11952, stack(0x000000a831800000,0x000000a831900000)]
  0x0000024554c20f10 JavaThread "Unconstrained build operations Thread 2" [_thread_blocked, id=14572, stack(0x000000a831900000,0x000000a831a00000)]
  0x0000024554c22d70 JavaThread "Unconstrained build operations Thread 3" [_thread_blocked, id=11660, stack(0x000000a831a00000,0x000000a831b00000)]
  0x0000024554c21420 JavaThread "Unconstrained build operations Thread 4" [_thread_blocked, id=13220, stack(0x000000a831b00000,0x000000a831c00000)]
  0x0000024554c21e40 JavaThread "Unconstrained build operations Thread 5" [_thread_in_native, id=14476, stack(0x000000a831c00000,0x000000a831d00000)]
  0x0000024554c1b900 JavaThread "Unconstrained build operations Thread 6" [_thread_blocked, id=10360, stack(0x000000a831d00000,0x000000a831e00000)]
  0x0000024554c23280 JavaThread "Unconstrained build operations Thread 7" [_thread_blocked, id=5872, stack(0x000000a831e00000,0x000000a831f00000)]
  0x0000024554c1be10 JavaThread "Unconstrained build operations Thread 8" [_thread_blocked, id=3788, stack(0x000000a831f00000,0x000000a832000000)]
  0x0000024554c1c830 JavaThread "Unconstrained build operations Thread 9" [_thread_blocked, id=15196, stack(0x000000a832000000,0x000000a832100000)]
  0x0000024552908750 JavaThread "Unconstrained build operations Thread 10" [_thread_blocked, id=2876, stack(0x000000a832100000,0x000000a832200000)]
  0x0000024552904fa0 JavaThread "Unconstrained build operations Thread 11" [_thread_blocked, id=10264, stack(0x000000a832200000,0x000000a832300000)]
  0x0000024552909b90 JavaThread "Unconstrained build operations Thread 12" [_thread_blocked, id=13792, stack(0x000000a832300000,0x000000a832400000)]
  0x0000024552907820 JavaThread "Unconstrained build operations Thread 13" [_thread_blocked, id=4768, stack(0x000000a832400000,0x000000a832500000)]
  0x0000024552908c60 JavaThread "Unconstrained build operations Thread 14" [_thread_blocked, id=2340, stack(0x000000a832500000,0x000000a832600000)]
  0x00000245529068f0 JavaThread "Unconstrained build operations Thread 15" [_thread_blocked, id=15036, stack(0x000000a832600000,0x000000a832700000)]
  0x0000024552905ed0 JavaThread "Unconstrained build operations Thread 16" [_thread_blocked, id=6972, stack(0x000000a832700000,0x000000a832800000)]
  0x00000245529063e0 JavaThread "Unconstrained build operations Thread 17" [_thread_blocked, id=3260, stack(0x000000a832800000,0x000000a832900000)]
  0x000002455290bf00 JavaThread "Unconstrained build operations Thread 18" [_thread_blocked, id=12964, stack(0x000000a832900000,0x000000a832a00000)]
  0x000002455290aac0 JavaThread "Unconstrained build operations Thread 19" [_thread_blocked, id=2732, stack(0x000000a832a00000,0x000000a832b00000)]
  0x0000024552906e00 JavaThread "Unconstrained build operations Thread 20" [_thread_blocked, id=7180, stack(0x000000a832b00000,0x000000a832c00000)]
  0x0000024552907310 JavaThread "Unconstrained build operations Thread 21" [_thread_blocked, id=12660, stack(0x000000a832c00000,0x000000a832d00000)]
  0x0000024552907d30 JavaThread "Unconstrained build operations Thread 22" [_thread_blocked, id=10988, stack(0x000000a832d00000,0x000000a832e00000)]
  0x000002455290a0a0 JavaThread "Unconstrained build operations Thread 23" [_thread_blocked, id=9820, stack(0x000000a832e00000,0x000000a832f00000)]
  0x0000024552908240 JavaThread "Unconstrained build operations Thread 24" [_thread_blocked, id=9908, stack(0x000000a832f00000,0x000000a833000000)]
  0x0000024552909170 JavaThread "Unconstrained build operations Thread 25" [_thread_blocked, id=13640, stack(0x000000a833000000,0x000000a833100000)]
  0x0000024552909680 JavaThread "Unconstrained build operations Thread 26" [_thread_blocked, id=14616, stack(0x000000a833100000,0x000000a833200000)]
  0x000002455290a5b0 JavaThread "Cache worker for Build Output Cleanup Cache (C:\projects\KistiApp\android\.gradle\buildOutputCleanup)" [_thread_blocked, id=3552, stack(0x000000a833200000,0x000000a833300000)]
  0x00000245501af160 JavaThread "included builds" [_thread_blocked, id=256, stack(0x000000a833600000,0x000000a833700000)]
  0x00000245501b0fc0 JavaThread "Execution worker" [_thread_blocked, id=3044, stack(0x000000a833800000,0x000000a833900000)]
  0x00000245501aa060 JavaThread "Execution worker Thread 2" [_thread_blocked, id=13740, stack(0x000000a833900000,0x000000a833a00000)]
  0x00000245501ac3d0 JavaThread "Execution worker Thread 3" [_thread_blocked, id=4192, stack(0x000000a833a00000,0x000000a833b00000)]
  0x00000245501af670 JavaThread "Cache worker for execution history cache (C:\projects\KistiApp\node_modules\@react-native\gradle-plugin\.gradle\8.0.1\executionHistory)" [_thread_blocked, id=8072, stack(0x000000a833b00000,0x000000a833c00000)]
  0x00000245501b05a0 JavaThread "Unconstrained build operations Thread 27" [_thread_blocked, id=14628, stack(0x000000a833c00000,0x000000a833d00000)]
  0x00000245501aa570 JavaThread "Unconstrained build operations Thread 28" [_thread_blocked, id=7408, stack(0x000000a833d00000,0x000000a833e00000)]
  0x00000245501aaf90 JavaThread "Unconstrained build operations Thread 29" [_thread_blocked, id=4156, stack(0x000000a833e00000,0x000000a833f00000)]
  0x00000245501ab4a0 JavaThread "Unconstrained build operations Thread 30" [_thread_blocked, id=15144, stack(0x000000a833f00000,0x000000a834000000)]
  0x00000245501aec50 JavaThread "Unconstrained build operations Thread 31" [_thread_blocked, id=6684, stack(0x000000a834000000,0x000000a834100000)]
  0x00000245501ad810 JavaThread "Unconstrained build operations Thread 32" [_thread_blocked, id=3492, stack(0x000000a834100000,0x000000a834200000)]
  0x00000245501ac8e0 JavaThread "Unconstrained build operations Thread 33" [_thread_blocked, id=1848, stack(0x000000a834200000,0x000000a834300000)]
  0x00000245501acdf0 JavaThread "Unconstrained build operations Thread 34" [_thread_blocked, id=1000, stack(0x000000a834300000,0x000000a834400000)]
  0x00000245501add20 JavaThread "Unconstrained build operations Thread 35" [_thread_blocked, id=13964, stack(0x000000a834400000,0x000000a834500000)]
  0x00000245501ae230 JavaThread "Unconstrained build operations Thread 36" [_thread_blocked, id=10564, stack(0x000000a834500000,0x000000a834600000)]
  0x00000245501ae740 JavaThread "Unconstrained build operations Thread 37" [_thread_blocked, id=13820, stack(0x000000a834600000,0x000000a834700000)]
  0x0000024552e0adb0 JavaThread "Unconstrained build operations Thread 38" [_thread_blocked, id=10312, stack(0x000000a834700000,0x000000a834800000)]
  0x0000024552e0d630 JavaThread "Unconstrained build operations Thread 39" [_thread_blocked, id=2308, stack(0x000000a834800000,0x000000a834900000)]
  0x0000024552e0a390 JavaThread "Unconstrained build operations Thread 40" [_thread_blocked, id=4556, stack(0x000000a834900000,0x000000a834a00000)]
=>0x0000024550345890 JavaThread "C2 CompilerThread1" daemon [_thread_in_native, id=5472, stack(0x000000a831100000,0x000000a831200000)]
  0x0000024552e0ef80 JavaThread "pool-6-thread-1" [_thread_blocked, id=10332, stack(0x000000a834a00000,0x000000a834b00000)]
  0x0000024552e0f490 JavaThread "build event listener" [_thread_blocked, id=14164, stack(0x000000a834b00000,0x000000a834c00000)]
  0x0000024552e0f9a0 JavaThread "Cache worker for execution history cache (C:\projects\KistiApp\android\.gradle\8.0.1\executionHistory)" [_thread_blocked, id=12952, stack(0x000000a834c00000,0x000000a834d00000)]

Other Threads:
  0x000002452fabdb40 VMThread "VM Thread" [stack: 0x000000a82ec00000,0x000000a82ed00000] [id=4884]
  0x000002454f0d3ef0 WatcherThread [stack: 0x000000a82f800000,0x000000a82f900000] [id=11644]
  0x000002451001feb0 GCTaskThread "GC Thread#0" [stack: 0x000000a82e700000,0x000000a82e800000] [id=6624]
  0x000002454f1271d0 GCTaskThread "GC Thread#1" [stack: 0x000000a82fa00000,0x000000a82fb00000] [id=13652]
  0x000002454f6c9b90 GCTaskThread "GC Thread#2" [stack: 0x000000a82fb00000,0x000000a82fc00000] [id=10272]
  0x000002454fce9ad0 GCTaskThread "GC Thread#3" [stack: 0x000000a82fc00000,0x000000a82fd00000] [id=9120]
  0x0000024510030d10 ConcurrentGCThread "G1 Main Marker" [stack: 0x000000a82e800000,0x000000a82e900000] [id=14384]
  0x0000024510031630 ConcurrentGCThread "G1 Conc#0" [stack: 0x000000a82e900000,0x000000a82ea00000] [id=5848]
  0x000002451007e560 ConcurrentGCThread "G1 Refine#0" [stack: 0x000000a82ea00000,0x000000a82eb00000] [id=6040]
  0x0000024550dd60f0 ConcurrentGCThread "G1 Refine#1" [stack: 0x000000a830f00000,0x000000a831000000] [id=12348]
  0x000002452f9780e0 ConcurrentGCThread "G1 Service" [stack: 0x000000a82eb00000,0x000000a82ec00000] [id=11592]

Threads with active compile tasks:
C2 CompilerThread0   148020 17197   !   4       java.nio.file.FileTreeWalker::next (144 bytes)
C2 CompilerThread1   148020 17200   !   4       org.gradle.cache.internal.DefaultMultiProcessSafePersistentIndexedCache::getIfPresent (25 bytes)

VM state: not at safepoint (normal execution)

VM Mutex/Monitor currently owned by a thread: None

Heap address: 0x0000000080000000, size: 2048 MB, Compressed Oops mode: 32-bit

CDS archive(s) mapped at: [0x0000024530000000-0x0000024530bd0000-0x0000024530bd0000), size 12386304, SharedBaseAddress: 0x0000024530000000, ArchiveRelocationMode: 1.
Compressed class space mapped at: 0x0000024531000000-0x000002454b000000, reserved size: 436207616
Narrow klass base: 0x0000024530000000, Narrow klass shift: 0, Narrow klass range: 0x100000000

GC Precious Log:
 CPUs: 4 total, 4 available
 Memory: 8083M
 Large Page Support: Disabled
 NUMA Support: Disabled
 Compressed Oops: Enabled (32-bit)
 Heap Region Size: 1M
 Heap Min Capacity: 8M
 Heap Initial Capacity: 128M
 Heap Max Capacity: 2G
 Pre-touch: Disabled
 Parallel Workers: 4
 Concurrent Workers: 1
 Concurrent Refinement Workers: 4
 Periodic GC: Disabled

Heap:
 garbage-first heap   total 289792K, used 233031K [0x0000000080000000, 0x0000000100000000)
  region size 1024K, 10 young (10240K), 3 survivors (3072K)
 Metaspace       used 108725K, committed 109952K, reserved 557056K
  class space    used 14624K, committed 15232K, reserved 425984K

Heap Regions: E=young(eden), S=young(survivor), O=old, HS=humongous(starts), HC=humongous(continues), CS=collection set, F=free, OA=open archive, CA=closed archive, TAMS=top-at-mark-start (previous, next)
|   0|0x0000000080000000, 0x0000000080100000, 0x0000000080100000|100%| O|  |TAMS 0x0000000080100000, 0x0000000080000000| Untracked 
|   1|0x0000000080100000, 0x0000000080200000, 0x0000000080200000|100%| O|  |TAMS 0x0000000080200000, 0x0000000080100000| Untracked 
|   2|0x0000000080200000, 0x0000000080300000, 0x0000000080300000|100%|HS|  |TAMS 0x0000000080300000, 0x0000000080200000| Complete 
|   3|0x0000000080300000, 0x0000000080400000, 0x0000000080400000|100%|HC|  |TAMS 0x0000000080400000, 0x0000000080300000| Complete 
|   4|0x0000000080400000, 0x0000000080500000, 0x0000000080500000|100%|HC|  |TAMS 0x0000000080500000, 0x0000000080400000| Complete 
|   5|0x0000000080500000, 0x0000000080600000, 0x0000000080600000|100%|HC|  |TAMS 0x0000000080600000, 0x0000000080500000| Complete 
|   6|0x0000000080600000, 0x0000000080700000, 0x0000000080700000|100%| O|  |TAMS 0x0000000080700000, 0x0000000080600000| Untracked 
|   7|0x0000000080700000, 0x0000000080800000, 0x0000000080800000|100%| O|  |TAMS 0x0000000080800000, 0x0000000080700000| Untracked 
|   8|0x0000000080800000, 0x0000000080900000, 0x0000000080900000|100%| O|  |TAMS 0x0000000080900000, 0x0000000080800000| Untracked 
|   9|0x0000000080900000, 0x0000000080a00000, 0x0000000080a00000|100%| O|  |TAMS 0x0000000080a00000, 0x0000000080900000| Untracked 
|  10|0x0000000080a00000, 0x0000000080b00000, 0x0000000080b00000|100%| O|  |TAMS 0x0000000080b00000, 0x0000000080a00000| Untracked 
|  11|0x0000000080b00000, 0x0000000080c00000, 0x0000000080c00000|100%| O|  |TAMS 0x0000000080c00000, 0x0000000080b00000| Untracked 
|  12|0x0000000080c00000, 0x0000000080d00000, 0x0000000080d00000|100%| O|  |TAMS 0x0000000080d00000, 0x0000000080c00000| Untracked 
|  13|0x0000000080d00000, 0x0000000080e00000, 0x0000000080e00000|100%| O|  |TAMS 0x0000000080e00000, 0x0000000080d00000| Untracked 
|  14|0x0000000080e00000, 0x0000000080f00000, 0x0000000080f00000|100%| O|  |TAMS 0x0000000080f00000, 0x0000000080e00000| Untracked 
|  15|0x0000000080f00000, 0x0000000081000000, 0x0000000081000000|100%| O|  |TAMS 0x0000000081000000, 0x0000000080f00000| Untracked 
|  16|0x0000000081000000, 0x0000000081100000, 0x0000000081100000|100%| O|  |TAMS 0x0000000081100000, 0x0000000081000000| Untracked 
|  17|0x0000000081100000, 0x0000000081200000, 0x0000000081200000|100%| O|  |TAMS 0x0000000081200000, 0x0000000081100000| Untracked 
|  18|0x0000000081200000, 0x0000000081300000, 0x0000000081300000|100%| O|  |TAMS 0x0000000081300000, 0x0000000081200000| Untracked 
|  19|0x0000000081300000, 0x0000000081400000, 0x0000000081400000|100%| O|  |TAMS 0x0000000081400000, 0x0000000081300000| Untracked 
|  20|0x0000000081400000, 0x0000000081500000, 0x0000000081500000|100%| O|  |TAMS 0x0000000081500000, 0x0000000081400000| Untracked 
|  21|0x0000000081500000, 0x0000000081600000, 0x0000000081600000|100%| O|  |TAMS 0x0000000081500000, 0x0000000081500000| Untracked 
|  22|0x0000000081600000, 0x0000000081700000, 0x0000000081700000|100%| O|  |TAMS 0x0000000081700000, 0x0000000081600000| Untracked 
|  23|0x0000000081700000, 0x0000000081800000, 0x0000000081800000|100%| O|  |TAMS 0x0000000081800000, 0x0000000081700000| Untracked 
|  24|0x0000000081800000, 0x0000000081900000, 0x0000000081900000|100%| O|  |TAMS 0x0000000081900000, 0x0000000081800000| Untracked 
|  25|0x0000000081900000, 0x0000000081a00000, 0x0000000081a00000|100%| O|  |TAMS 0x0000000081a00000, 0x0000000081900000| Untracked 
|  26|0x0000000081a00000, 0x0000000081b00000, 0x0000000081b00000|100%| O|  |TAMS 0x0000000081b00000, 0x0000000081a00000| Untracked 
|  27|0x0000000081b00000, 0x0000000081c00000, 0x0000000081c00000|100%| O|  |TAMS 0x0000000081c00000, 0x0000000081b00000| Untracked 
|  28|0x0000000081c00000, 0x0000000081d00000, 0x0000000081d00000|100%| O|  |TAMS 0x0000000081d00000, 0x0000000081c00000| Untracked 
|  29|0x0000000081d00000, 0x0000000081e00000, 0x0000000081e00000|100%| O|  |TAMS 0x0000000081e00000, 0x0000000081d00000| Untracked 
|  30|0x0000000081e00000, 0x0000000081f00000, 0x0000000081f00000|100%| O|  |TAMS 0x0000000081f00000, 0x0000000081e00000| Untracked 
|  31|0x0000000081f00000, 0x0000000082000000, 0x0000000082000000|100%| O|  |TAMS 0x0000000082000000, 0x0000000081f00000| Untracked 
|  32|0x0000000082000000, 0x0000000082100000, 0x0000000082100000|100%| O|  |TAMS 0x0000000082100000, 0x0000000082000000| Untracked 
|  33|0x0000000082100000, 0x0000000082200000, 0x0000000082200000|100%| O|  |TAMS 0x0000000082200000, 0x0000000082100000| Untracked 
|  34|0x0000000082200000, 0x0000000082300000, 0x0000000082300000|100%| O|  |TAMS 0x0000000082300000, 0x0000000082200000| Untracked 
|  35|0x0000000082300000, 0x0000000082400000, 0x0000000082400000|100%| O|  |TAMS 0x0000000082400000, 0x0000000082300000| Untracked 
|  36|0x0000000082400000, 0x0000000082500000, 0x0000000082500000|100%| O|  |TAMS 0x0000000082500000, 0x0000000082400000| Untracked 
|  37|0x0000000082500000, 0x0000000082600000, 0x0000000082600000|100%|HS|  |TAMS 0x0000000082600000, 0x0000000082500000| Complete 
|  38|0x0000000082600000, 0x0000000082700000, 0x0000000082700000|100%|HC|  |TAMS 0x0000000082700000, 0x0000000082600000| Complete 
|  39|0x0000000082700000, 0x0000000082800000, 0x0000000082800000|100%|HS|  |TAMS 0x0000000082800000, 0x0000000082700000| Complete 
|  40|0x0000000082800000, 0x0000000082900000, 0x0000000082900000|100%|HC|  |TAMS 0x0000000082900000, 0x0000000082800000| Complete 
|  41|0x0000000082900000, 0x0000000082a00000, 0x0000000082a00000|100%|HC|  |TAMS 0x0000000082a00000, 0x0000000082900000| Complete 
|  42|0x0000000082a00000, 0x0000000082b00000, 0x0000000082b00000|100%|HC|  |TAMS 0x0000000082b00000, 0x0000000082a00000| Complete 
|  43|0x0000000082b00000, 0x0000000082c00000, 0x0000000082c00000|100%| O|  |TAMS 0x0000000082c00000, 0x0000000082b00000| Untracked 
|  44|0x0000000082c00000, 0x0000000082d00000, 0x0000000082d00000|100%| O|  |TAMS 0x0000000082d00000, 0x0000000082c00000| Untracked 
|  45|0x0000000082d00000, 0x0000000082e00000, 0x0000000082e00000|100%| O|  |TAMS 0x0000000082e00000, 0x0000000082d00000| Untracked 
|  46|0x0000000082e00000, 0x0000000082f00000, 0x0000000082f00000|100%| O|  |TAMS 0x0000000082f00000, 0x0000000082e00000| Untracked 
|  47|0x0000000082f00000, 0x0000000083000000, 0x0000000083000000|100%| O|  |TAMS 0x0000000083000000, 0x0000000082f00000| Untracked 
|  48|0x0000000083000000, 0x0000000083100000, 0x0000000083100000|100%| O|  |TAMS 0x0000000083100000, 0x0000000083000000| Untracked 
|  49|0x0000000083100000, 0x0000000083200000, 0x0000000083200000|100%| O|  |TAMS 0x0000000083200000, 0x0000000083100000| Untracked 
|  50|0x0000000083200000, 0x0000000083300000, 0x0000000083300000|100%| O|  |TAMS 0x0000000083300000, 0x0000000083200000| Untracked 
|  51|0x0000000083300000, 0x0000000083400000, 0x0000000083400000|100%| O|  |TAMS 0x0000000083400000, 0x0000000083300000| Untracked 
|  52|0x0000000083400000, 0x0000000083500000, 0x0000000083500000|100%| O|  |TAMS 0x0000000083500000, 0x0000000083400000| Untracked 
|  53|0x0000000083500000, 0x0000000083600000, 0x0000000083600000|100%| O|  |TAMS 0x0000000083600000, 0x0000000083500000| Untracked 
|  54|0x0000000083600000, 0x0000000083700000, 0x0000000083700000|100%| O|  |TAMS 0x0000000083700000, 0x0000000083600000| Untracked 
|  55|0x0000000083700000, 0x0000000083800000, 0x0000000083800000|100%| O|  |TAMS 0x0000000083800000, 0x0000000083700000| Untracked 
|  56|0x0000000083800000, 0x0000000083900000, 0x0000000083900000|100%| O|  |TAMS 0x0000000083900000, 0x0000000083800000| Untracked 
|  57|0x0000000083900000, 0x0000000083a00000, 0x0000000083a00000|100%| O|  |TAMS 0x0000000083a00000, 0x0000000083900000| Untracked 
|  58|0x0000000083a00000, 0x0000000083b00000, 0x0000000083b00000|100%| O|  |TAMS 0x0000000083b00000, 0x0000000083a00000| Untracked 
|  59|0x0000000083b00000, 0x0000000083c00000, 0x0000000083c00000|100%|HS|  |TAMS 0x0000000083c00000, 0x0000000083b00000| Complete 
|  60|0x0000000083c00000, 0x0000000083d00000, 0x0000000083d00000|100%|HS|  |TAMS 0x0000000083d00000, 0x0000000083c00000| Complete 
|  61|0x0000000083d00000, 0x0000000083e00000, 0x0000000083e00000|100%| O|  |TAMS 0x0000000083e00000, 0x0000000083d00000| Untracked 
|  62|0x0000000083e00000, 0x0000000083f00000, 0x0000000083f00000|100%| O|  |TAMS 0x0000000083f00000, 0x0000000083e00000| Untracked 
|  63|0x0000000083f00000, 0x0000000084000000, 0x0000000084000000|100%| O|  |TAMS 0x0000000083f00000, 0x0000000083f00000| Untracked 
|  64|0x0000000084000000, 0x0000000084100000, 0x0000000084100000|100%| O|  |TAMS 0x0000000084100000, 0x0000000084000000| Untracked 
|  65|0x0000000084100000, 0x0000000084200000, 0x0000000084200000|100%| O|  |TAMS 0x0000000084200000, 0x0000000084100000| Untracked 
|  66|0x0000000084200000, 0x0000000084300000, 0x0000000084300000|100%| O|  |TAMS 0x0000000084300000, 0x0000000084200000| Untracked 
|  67|0x0000000084300000, 0x0000000084400000, 0x0000000084400000|100%| O|  |TAMS 0x0000000084400000, 0x0000000084300000| Untracked 
|  68|0x0000000084400000, 0x0000000084500000, 0x0000000084500000|100%| O|  |TAMS 0x0000000084500000, 0x0000000084400000| Untracked 
|  69|0x0000000084500000, 0x0000000084600000, 0x0000000084600000|100%| O|  |TAMS 0x0000000084500000, 0x0000000084500000| Untracked 
|  70|0x0000000084600000, 0x0000000084700000, 0x0000000084700000|100%| O|  |TAMS 0x0000000084600000, 0x0000000084600000| Untracked 
|  71|0x0000000084700000, 0x0000000084800000, 0x0000000084800000|100%| O|  |TAMS 0x0000000084700000, 0x0000000084700000| Untracked 
|  72|0x0000000084800000, 0x0000000084900000, 0x0000000084900000|100%| O|  |TAMS 0x0000000084800000, 0x0000000084800000| Untracked 
|  73|0x0000000084900000, 0x0000000084a00000, 0x0000000084a00000|100%| O|  |TAMS 0x0000000084a00000, 0x0000000084900000| Untracked 
|  74|0x0000000084a00000, 0x0000000084b00000, 0x0000000084b00000|100%| O|  |TAMS 0x0000000084a00000, 0x0000000084a00000| Untracked 
|  75|0x0000000084b00000, 0x0000000084c00000, 0x0000000084c00000|100%| O|  |TAMS 0x0000000084b00000, 0x0000000084b00000| Untracked 
|  76|0x0000000084c00000, 0x0000000084d00000, 0x0000000084d00000|100%| O|  |TAMS 0x0000000084d00000, 0x0000000084c00000| Untracked 
|  77|0x0000000084d00000, 0x0000000084e00000, 0x0000000084e00000|100%| O|  |TAMS 0x0000000084e00000, 0x0000000084d00000| Untracked 
|  78|0x0000000084e00000, 0x0000000084f00000, 0x0000000084f00000|100%| O|  |TAMS 0x0000000084f00000, 0x0000000084e00000| Untracked 
|  79|0x0000000084f00000, 0x0000000085000000, 0x0000000085000000|100%| O|  |TAMS 0x0000000084f9da08, 0x0000000084f00000| Untracked 
|  80|0x0000000085000000, 0x0000000085100000, 0x0000000085100000|100%| O|  |TAMS 0x0000000085000000, 0x0000000085000000| Untracked 
|  81|0x0000000085100000, 0x0000000085200000, 0x0000000085200000|100%| O|  |TAMS 0x0000000085100000, 0x0000000085100000| Untracked 
|  82|0x0000000085200000, 0x0000000085300000, 0x0000000085300000|100%|HS|  |TAMS 0x0000000085200000, 0x0000000085200000| Complete 
|  83|0x0000000085300000, 0x0000000085400000, 0x0000000085400000|100%|HS|  |TAMS 0x0000000085300000, 0x0000000085300000| Complete 
|  84|0x0000000085400000, 0x0000000085500000, 0x0000000085500000|100%|HS|  |TAMS 0x0000000085400000, 0x0000000085400000| Complete 
|  85|0x0000000085500000, 0x0000000085600000, 0x0000000085600000|100%|HS|  |TAMS 0x0000000085500000, 0x0000000085500000| Complete 
|  86|0x0000000085600000, 0x0000000085700000, 0x0000000085700000|100%|HC|  |TAMS 0x0000000085600000, 0x0000000085600000| Complete 
|  87|0x0000000085700000, 0x0000000085800000, 0x0000000085800000|100%|HC|  |TAMS 0x0000000085700000, 0x0000000085700000| Complete 
|  88|0x0000000085800000, 0x0000000085900000, 0x0000000085900000|100%|HS|  |TAMS 0x0000000085800000, 0x0000000085800000| Complete 
|  89|0x0000000085900000, 0x0000000085a00000, 0x0000000085a00000|100%|HS|  |TAMS 0x0000000085900000, 0x0000000085900000| Complete 
|  90|0x0000000085a00000, 0x0000000085b00000, 0x0000000085b00000|100%|HC|  |TAMS 0x0000000085a00000, 0x0000000085a00000| Complete 
|  91|0x0000000085b00000, 0x0000000085c00000, 0x0000000085c00000|100%| O|  |TAMS 0x0000000085b00000, 0x0000000085b00000| Untracked 
|  92|0x0000000085c00000, 0x0000000085d00000, 0x0000000085d00000|100%| O|  |TAMS 0x0000000085c00000, 0x0000000085c00000| Untracked 
|  93|0x0000000085d00000, 0x0000000085e00000, 0x0000000085e00000|100%| O|  |TAMS 0x0000000085d00000, 0x0000000085d00000| Untracked 
|  94|0x0000000085e00000, 0x0000000085f00000, 0x0000000085f00000|100%| O|  |TAMS 0x0000000085e00000, 0x0000000085e00000| Untracked 
|  95|0x0000000085f00000, 0x0000000086000000, 0x0000000086000000|100%| O|  |TAMS 0x0000000085f00000, 0x0000000085f00000| Untracked 
|  96|0x0000000086000000, 0x0000000086100000, 0x0000000086100000|100%| O|  |TAMS 0x0000000086000000, 0x0000000086000000| Untracked 
|  97|0x0000000086100000, 0x0000000086200000, 0x0000000086200000|100%| O|  |TAMS 0x0000000086100000, 0x0000000086100000| Untracked 
|  98|0x0000000086200000, 0x0000000086300000, 0x0000000086300000|100%| O|  |TAMS 0x0000000086200000, 0x0000000086200000| Untracked 
|  99|0x0000000086300000, 0x0000000086400000, 0x0000000086400000|100%| O|  |TAMS 0x0000000086300000, 0x0000000086300000| Untracked 
| 100|0x0000000086400000, 0x0000000086500000, 0x0000000086500000|100%|HS|  |TAMS 0x0000000086400000, 0x0000000086400000| Complete 
| 101|0x0000000086500000, 0x0000000086600000, 0x0000000086600000|100%|HC|  |TAMS 0x0000000086500000, 0x0000000086500000| Complete 
| 102|0x0000000086600000, 0x0000000086700000, 0x0000000086700000|100%|HS|  |TAMS 0x0000000086600000, 0x0000000086600000| Complete 
| 103|0x0000000086700000, 0x0000000086800000, 0x0000000086800000|100%|HC|  |TAMS 0x0000000086700000, 0x0000000086700000| Complete 
| 104|0x0000000086800000, 0x0000000086900000, 0x0000000086900000|100%|HC|  |TAMS 0x0000000086800000, 0x0000000086800000| Complete 
| 105|0x0000000086900000, 0x0000000086a00000, 0x0000000086a00000|100%|HC|  |TAMS 0x0000000086900000, 0x0000000086900000| Complete 
| 106|0x0000000086a00000, 0x0000000086b00000, 0x0000000086b00000|100%| O|  |TAMS 0x0000000086a00000, 0x0000000086a00000| Untracked 
| 107|0x0000000086b00000, 0x0000000086c00000, 0x0000000086c00000|100%| O|  |TAMS 0x0000000086b00000, 0x0000000086b00000| Untracked 
| 108|0x0000000086c00000, 0x0000000086d00000, 0x0000000086d00000|100%| O|  |TAMS 0x0000000086c00000, 0x0000000086c00000| Untracked 
| 109|0x0000000086d00000, 0x0000000086e00000, 0x0000000086e00000|100%| O|  |TAMS 0x0000000086d00000, 0x0000000086d00000| Untracked 
| 110|0x0000000086e00000, 0x0000000086f00000, 0x0000000086f00000|100%| O|  |TAMS 0x0000000086e00000, 0x0000000086e00000| Untracked 
| 111|0x0000000086f00000, 0x0000000087000000, 0x0000000087000000|100%| O|  |TAMS 0x0000000086f00000, 0x0000000086f00000| Untracked 
| 112|0x0000000087000000, 0x0000000087100000, 0x0000000087100000|100%| O|  |TAMS 0x0000000087000000, 0x0000000087000000| Untracked 
| 113|0x0000000087100000, 0x0000000087200000, 0x0000000087200000|100%| O|  |TAMS 0x0000000087100000, 0x0000000087100000| Untracked 
| 114|0x0000000087200000, 0x0000000087300000, 0x0000000087300000|100%| O|  |TAMS 0x0000000087200000, 0x0000000087200000| Untracked 
| 115|0x0000000087300000, 0x0000000087400000, 0x0000000087400000|100%| O|  |TAMS 0x0000000087300000, 0x0000000087300000| Untracked 
| 116|0x0000000087400000, 0x0000000087500000, 0x0000000087500000|100%| O|  |TAMS 0x0000000087400000, 0x0000000087400000| Untracked 
| 117|0x0000000087500000, 0x0000000087600000, 0x0000000087600000|100%| O|  |TAMS 0x0000000087500000, 0x0000000087500000| Untracked 
| 118|0x0000000087600000, 0x0000000087700000, 0x0000000087700000|100%| O|  |TAMS 0x0000000087600000, 0x0000000087600000| Untracked 
| 119|0x0000000087700000, 0x0000000087800000, 0x0000000087800000|100%|HS|  |TAMS 0x0000000087700000, 0x0000000087700000| Complete 
| 120|0x0000000087800000, 0x0000000087900000, 0x0000000087900000|100%|HS|  |TAMS 0x0000000087800000, 0x0000000087800000| Complete 
| 121|0x0000000087900000, 0x0000000087a00000, 0x0000000087a00000|100%|HS|  |TAMS 0x0000000087900000, 0x0000000087900000| Complete 
| 122|0x0000000087a00000, 0x0000000087b00000, 0x0000000087b00000|100%|HC|  |TAMS 0x0000000087a00000, 0x0000000087a00000| Complete 
| 123|0x0000000087b00000, 0x0000000087c00000, 0x0000000087c00000|100%|HS|  |TAMS 0x0000000087b00000, 0x0000000087b00000| Complete 
| 124|0x0000000087c00000, 0x0000000087d00000, 0x0000000087d00000|100%|HC|  |TAMS 0x0000000087c00000, 0x0000000087c00000| Complete 
| 125|0x0000000087d00000, 0x0000000087e00000, 0x0000000087e00000|100%| O|  |TAMS 0x0000000087d00000, 0x0000000087d00000| Untracked 
| 126|0x0000000087e00000, 0x0000000087f00000, 0x0000000087f00000|100%| O|  |TAMS 0x0000000087e00000, 0x0000000087e00000| Untracked 
| 127|0x0000000087f00000, 0x0000000088000000, 0x0000000088000000|100%| O|  |TAMS 0x0000000087f00000, 0x0000000087f00000| Untracked 
| 128|0x0000000088000000, 0x0000000088100000, 0x0000000088100000|100%| O|  |TAMS 0x0000000088000000, 0x0000000088000000| Untracked 
| 129|0x0000000088100000, 0x0000000088200000, 0x0000000088200000|100%| O|  |TAMS 0x0000000088100000, 0x0000000088100000| Untracked 
| 130|0x0000000088200000, 0x0000000088300000, 0x0000000088300000|100%| O|  |TAMS 0x0000000088200000, 0x0000000088200000| Untracked 
| 131|0x0000000088300000, 0x0000000088400000, 0x0000000088400000|100%| O|  |TAMS 0x0000000088300000, 0x0000000088300000| Untracked 
| 132|0x0000000088400000, 0x0000000088500000, 0x0000000088500000|100%| O|  |TAMS 0x0000000088400000, 0x0000000088400000| Untracked 
| 133|0x0000000088500000, 0x0000000088600000, 0x0000000088600000|100%| O|  |TAMS 0x0000000088500000, 0x0000000088500000| Untracked 
| 134|0x0000000088600000, 0x0000000088700000, 0x0000000088700000|100%| O|  |TAMS 0x0000000088600000, 0x0000000088600000| Untracked 
| 135|0x0000000088700000, 0x0000000088800000, 0x0000000088800000|100%| O|  |TAMS 0x0000000088700000, 0x0000000088700000| Untracked 
| 136|0x0000000088800000, 0x0000000088900000, 0x0000000088900000|100%| O|  |TAMS 0x0000000088800000, 0x0000000088800000| Untracked 
| 137|0x0000000088900000, 0x0000000088a00000, 0x0000000088a00000|100%| O|  |TAMS 0x0000000088900000, 0x0000000088900000| Untracked 
| 138|0x0000000088a00000, 0x0000000088b00000, 0x0000000088b00000|100%| O|  |TAMS 0x0000000088a00000, 0x0000000088a00000| Untracked 
| 139|0x0000000088b00000, 0x0000000088c00000, 0x0000000088c00000|100%| O|  |TAMS 0x0000000088b00000, 0x0000000088b00000| Untracked 
| 140|0x0000000088c00000, 0x0000000088d00000, 0x0000000088d00000|100%| O|  |TAMS 0x0000000088c00000, 0x0000000088c00000| Untracked 
| 141|0x0000000088d00000, 0x0000000088e00000, 0x0000000088e00000|100%| O|  |TAMS 0x0000000088d00000, 0x0000000088d00000| Untracked 
| 142|0x0000000088e00000, 0x0000000088f00000, 0x0000000088f00000|100%| O|  |TAMS 0x0000000088e00000, 0x0000000088e00000| Untracked 
| 143|0x0000000088f00000, 0x0000000089000000, 0x0000000089000000|100%| O|  |TAMS 0x0000000088f00000, 0x0000000088f00000| Untracked 
| 144|0x0000000089000000, 0x0000000089100000, 0x0000000089100000|100%| O|  |TAMS 0x0000000089000000, 0x0000000089000000| Untracked 
| 145|0x0000000089100000, 0x0000000089200000, 0x0000000089200000|100%| O|  |TAMS 0x0000000089100000, 0x0000000089100000| Untracked 
| 146|0x0000000089200000, 0x0000000089300000, 0x0000000089300000|100%| O|  |TAMS 0x0000000089200000, 0x0000000089200000| Untracked 
| 147|0x0000000089300000, 0x0000000089400000, 0x0000000089400000|100%| O|  |TAMS 0x0000000089300000, 0x0000000089300000| Untracked 
| 148|0x0000000089400000, 0x0000000089500000, 0x0000000089500000|100%| O|  |TAMS 0x0000000089400000, 0x0000000089400000| Untracked 
| 149|0x0000000089500000, 0x0000000089600000, 0x0000000089600000|100%| O|  |TAMS 0x0000000089500000, 0x0000000089500000| Untracked 
| 150|0x0000000089600000, 0x0000000089700000, 0x0000000089700000|100%| O|  |TAMS 0x0000000089600000, 0x0000000089600000| Untracked 
| 151|0x0000000089700000, 0x0000000089800000, 0x0000000089800000|100%| O|  |TAMS 0x0000000089700000, 0x0000000089700000| Untracked 
| 152|0x0000000089800000, 0x0000000089900000, 0x0000000089900000|100%| O|  |TAMS 0x0000000089800000, 0x0000000089800000| Untracked 
| 153|0x0000000089900000, 0x0000000089a00000, 0x0000000089a00000|100%| O|  |TAMS 0x0000000089900000, 0x0000000089900000| Untracked 
| 154|0x0000000089a00000, 0x0000000089b00000, 0x0000000089b00000|100%| O|  |TAMS 0x0000000089a00000, 0x0000000089a00000| Untracked 
| 155|0x0000000089b00000, 0x0000000089c00000, 0x0000000089c00000|100%| O|  |TAMS 0x0000000089b00000, 0x0000000089b00000| Untracked 
| 156|0x0000000089c00000, 0x0000000089d00000, 0x0000000089d00000|100%| O|  |TAMS 0x0000000089c00000, 0x0000000089c00000| Untracked 
| 157|0x0000000089d00000, 0x0000000089e00000, 0x0000000089e00000|100%| O|  |TAMS 0x0000000089d00000, 0x0000000089d00000| Untracked 
| 158|0x0000000089e00000, 0x0000000089f00000, 0x0000000089f00000|100%| O|  |TAMS 0x0000000089e00000, 0x0000000089e00000| Untracked 
| 159|0x0000000089f00000, 0x000000008a000000, 0x000000008a000000|100%| O|  |TAMS 0x0000000089f00000, 0x0000000089f00000| Untracked 
| 160|0x000000008a000000, 0x000000008a100000, 0x000000008a100000|100%| O|  |TAMS 0x000000008a000000, 0x000000008a000000| Untracked 
| 161|0x000000008a100000, 0x000000008a200000, 0x000000008a200000|100%| O|  |TAMS 0x000000008a100000, 0x000000008a100000| Untracked 
| 162|0x000000008a200000, 0x000000008a300000, 0x000000008a300000|100%| O|  |TAMS 0x000000008a200000, 0x000000008a200000| Untracked 
| 163|0x000000008a300000, 0x000000008a400000, 0x000000008a400000|100%| O|  |TAMS 0x000000008a300000, 0x000000008a300000| Untracked 
| 164|0x000000008a400000, 0x000000008a500000, 0x000000008a500000|100%| O|  |TAMS 0x000000008a400000, 0x000000008a400000| Untracked 
| 165|0x000000008a500000, 0x000000008a600000, 0x000000008a600000|100%| O|  |TAMS 0x000000008a500000, 0x000000008a500000| Untracked 
| 166|0x000000008a600000, 0x000000008a700000, 0x000000008a700000|100%| O|  |TAMS 0x000000008a600000, 0x000000008a600000| Untracked 
| 167|0x000000008a700000, 0x000000008a800000, 0x000000008a800000|100%| O|  |TAMS 0x000000008a700000, 0x000000008a700000| Untracked 
| 168|0x000000008a800000, 0x000000008a900000, 0x000000008a900000|100%| O|  |TAMS 0x000000008a800000, 0x000000008a800000| Untracked 
| 169|0x000000008a900000, 0x000000008aa00000, 0x000000008aa00000|100%| O|  |TAMS 0x000000008a900000, 0x000000008a900000| Untracked 
| 170|0x000000008aa00000, 0x000000008ab00000, 0x000000008ab00000|100%| O|  |TAMS 0x000000008aa00000, 0x000000008aa00000| Untracked 
| 171|0x000000008ab00000, 0x000000008ac00000, 0x000000008ac00000|100%| O|  |TAMS 0x000000008ab00000, 0x000000008ab00000| Untracked 
| 172|0x000000008ac00000, 0x000000008ad00000, 0x000000008ad00000|100%| O|  |TAMS 0x000000008ac00000, 0x000000008ac00000| Untracked 
| 173|0x000000008ad00000, 0x000000008ae00000, 0x000000008ae00000|100%| O|  |TAMS 0x000000008ad00000, 0x000000008ad00000| Untracked 
| 174|0x000000008ae00000, 0x000000008af00000, 0x000000008af00000|100%| O|  |TAMS 0x000000008ae00000, 0x000000008ae00000| Untracked 
| 175|0x000000008af00000, 0x000000008b000000, 0x000000008b000000|100%| O|  |TAMS 0x000000008af00000, 0x000000008af00000| Untracked 
| 176|0x000000008b000000, 0x000000008b100000, 0x000000008b100000|100%| O|  |TAMS 0x000000008b000000, 0x000000008b000000| Untracked 
| 177|0x000000008b100000, 0x000000008b200000, 0x000000008b200000|100%| O|  |TAMS 0x000000008b100000, 0x000000008b100000| Untracked 
| 178|0x000000008b200000, 0x000000008b300000, 0x000000008b300000|100%| O|  |TAMS 0x000000008b200000, 0x000000008b200000| Untracked 
| 179|0x000000008b300000, 0x000000008b400000, 0x000000008b400000|100%| O|  |TAMS 0x000000008b300000, 0x000000008b300000| Untracked 
| 180|0x000000008b400000, 0x000000008b500000, 0x000000008b500000|100%| O|  |TAMS 0x000000008b400000, 0x000000008b400000| Untracked 
| 181|0x000000008b500000, 0x000000008b600000, 0x000000008b600000|100%| O|  |TAMS 0x000000008b500000, 0x000000008b500000| Untracked 
| 182|0x000000008b600000, 0x000000008b700000, 0x000000008b700000|100%| O|  |TAMS 0x000000008b600000, 0x000000008b600000| Untracked 
| 183|0x000000008b700000, 0x000000008b800000, 0x000000008b800000|100%| O|  |TAMS 0x000000008b700000, 0x000000008b700000| Untracked 
| 184|0x000000008b800000, 0x000000008b900000, 0x000000008b900000|100%| O|  |TAMS 0x000000008b800000, 0x000000008b800000| Untracked 
| 185|0x000000008b900000, 0x000000008ba00000, 0x000000008ba00000|100%| O|  |TAMS 0x000000008b900000, 0x000000008b900000| Untracked 
| 186|0x000000008ba00000, 0x000000008bb00000, 0x000000008bb00000|100%| O|  |TAMS 0x000000008ba00000, 0x000000008ba00000| Untracked 
| 187|0x000000008bb00000, 0x000000008bc00000, 0x000000008bc00000|100%| O|  |TAMS 0x000000008bb00000, 0x000000008bb00000| Untracked 
| 188|0x000000008bc00000, 0x000000008bd00000, 0x000000008bd00000|100%| O|  |TAMS 0x000000008bc00000, 0x000000008bc00000| Untracked 
| 189|0x000000008bd00000, 0x000000008be00000, 0x000000008be00000|100%| O|  |TAMS 0x000000008bd00000, 0x000000008bd00000| Untracked 
| 190|0x000000008be00000, 0x000000008bf00000, 0x000000008bf00000|100%| O|  |TAMS 0x000000008be00000, 0x000000008be00000| Untracked 
| 191|0x000000008bf00000, 0x000000008c000000, 0x000000008c000000|100%| O|  |TAMS 0x000000008bf00000, 0x000000008bf00000| Untracked 
| 192|0x000000008c000000, 0x000000008c100000, 0x000000008c100000|100%| O|  |TAMS 0x000000008c000000, 0x000000008c000000| Untracked 
| 193|0x000000008c100000, 0x000000008c200000, 0x000000008c200000|100%| O|  |TAMS 0x000000008c100000, 0x000000008c100000| Untracked 
| 194|0x000000008c200000, 0x000000008c300000, 0x000000008c300000|100%| O|  |TAMS 0x000000008c200000, 0x000000008c200000| Untracked 
| 195|0x000000008c300000, 0x000000008c400000, 0x000000008c400000|100%| O|  |TAMS 0x000000008c300000, 0x000000008c300000| Untracked 
| 196|0x000000008c400000, 0x000000008c500000, 0x000000008c500000|100%| O|  |TAMS 0x000000008c400000, 0x000000008c400000| Untracked 
| 197|0x000000008c500000, 0x000000008c600000, 0x000000008c600000|100%| O|  |TAMS 0x000000008c500000, 0x000000008c500000| Untracked 
| 198|0x000000008c600000, 0x000000008c700000, 0x000000008c700000|100%| O|  |TAMS 0x000000008c600000, 0x000000008c600000| Untracked 
| 199|0x000000008c700000, 0x000000008c800000, 0x000000008c800000|100%| O|  |TAMS 0x000000008c700000, 0x000000008c700000| Untracked 
| 200|0x000000008c800000, 0x000000008c900000, 0x000000008c900000|100%| O|  |TAMS 0x000000008c800000, 0x000000008c800000| Untracked 
| 201|0x000000008c900000, 0x000000008ca00000, 0x000000008ca00000|100%| O|  |TAMS 0x000000008c900000, 0x000000008c900000| Untracked 
| 202|0x000000008ca00000, 0x000000008cb00000, 0x000000008cb00000|100%| O|  |TAMS 0x000000008ca00000, 0x000000008ca00000| Untracked 
| 203|0x000000008cb00000, 0x000000008cc00000, 0x000000008cc00000|100%| O|  |TAMS 0x000000008cb00000, 0x000000008cb00000| Untracked 
| 204|0x000000008cc00000, 0x000000008cd00000, 0x000000008cd00000|100%| O|  |TAMS 0x000000008cc00000, 0x000000008cc00000| Untracked 
| 205|0x000000008cd00000, 0x000000008ce00000, 0x000000008ce00000|100%| O|  |TAMS 0x000000008cd00000, 0x000000008cd00000| Untracked 
| 206|0x000000008ce00000, 0x000000008cf00000, 0x000000008cf00000|100%| O|  |TAMS 0x000000008ce00000, 0x000000008ce00000| Untracked 
| 207|0x000000008cf00000, 0x000000008d000000, 0x000000008d000000|100%| O|  |TAMS 0x000000008cf00000, 0x000000008cf00000| Untracked 
| 208|0x000000008d000000, 0x000000008d100000, 0x000000008d100000|100%| O|  |TAMS 0x000000008d000000, 0x000000008d000000| Untracked 
| 209|0x000000008d100000, 0x000000008d200000, 0x000000008d200000|100%| O|  |TAMS 0x000000008d100000, 0x000000008d100000| Untracked 
| 210|0x000000008d200000, 0x000000008d300000, 0x000000008d300000|100%| O|  |TAMS 0x000000008d200000, 0x000000008d200000| Untracked 
| 211|0x000000008d300000, 0x000000008d400000, 0x000000008d400000|100%| O|  |TAMS 0x000000008d300000, 0x000000008d300000| Untracked 
| 212|0x000000008d400000, 0x000000008d500000, 0x000000008d500000|100%| O|  |TAMS 0x000000008d400000, 0x000000008d400000| Untracked 
| 213|0x000000008d500000, 0x000000008d600000, 0x000000008d600000|100%| O|  |TAMS 0x000000008d500000, 0x000000008d500000| Untracked 
| 214|0x000000008d600000, 0x000000008d700000, 0x000000008d700000|100%| O|  |TAMS 0x000000008d600000, 0x000000008d600000| Untracked 
| 215|0x000000008d700000, 0x000000008d800000, 0x000000008d800000|100%| O|  |TAMS 0x000000008d700000, 0x000000008d700000| Untracked 
| 216|0x000000008d800000, 0x000000008d900000, 0x000000008d900000|100%| O|  |TAMS 0x000000008d800000, 0x000000008d800000| Untracked 
| 217|0x000000008d900000, 0x000000008da00000, 0x000000008da00000|100%| O|  |TAMS 0x000000008d900000, 0x000000008d900000| Untracked 
| 218|0x000000008da00000, 0x000000008da91c00, 0x000000008db00000| 56%| O|  |TAMS 0x000000008da00000, 0x000000008da00000| Untracked 
| 219|0x000000008db00000, 0x000000008db00000, 0x000000008dc00000|  0%| F|  |TAMS 0x000000008db00000, 0x000000008db00000| Untracked 
| 220|0x000000008dc00000, 0x000000008dc00000, 0x000000008dd00000|  0%| F|  |TAMS 0x000000008dc00000, 0x000000008dc00000| Untracked 
| 221|0x000000008dd00000, 0x000000008dd00000, 0x000000008de00000|  0%| F|  |TAMS 0x000000008dd00000, 0x000000008dd00000| Untracked 
| 222|0x000000008de00000, 0x000000008de00000, 0x000000008df00000|  0%| F|  |TAMS 0x000000008de00000, 0x000000008de00000| Untracked 
| 223|0x000000008df00000, 0x000000008df00000, 0x000000008e000000|  0%| F|  |TAMS 0x000000008df00000, 0x000000008df00000| Untracked 
| 224|0x000000008e000000, 0x000000008e000000, 0x000000008e100000|  0%| F|  |TAMS 0x000000008e000000, 0x000000008e000000| Untracked 
| 225|0x000000008e100000, 0x000000008e100000, 0x000000008e200000|  0%| F|  |TAMS 0x000000008e100000, 0x000000008e100000| Untracked 
| 226|0x000000008e200000, 0x000000008e200000, 0x000000008e300000|  0%| F|  |TAMS 0x000000008e200000, 0x000000008e200000| Untracked 
| 227|0x000000008e300000, 0x000000008e300000, 0x000000008e400000|  0%| F|  |TAMS 0x000000008e300000, 0x000000008e300000| Untracked 
| 228|0x000000008e400000, 0x000000008e400000, 0x000000008e500000|  0%| F|  |TAMS 0x000000008e400000, 0x000000008e400000| Untracked 
| 229|0x000000008e500000, 0x000000008e500000, 0x000000008e600000|  0%| F|  |TAMS 0x000000008e500000, 0x000000008e500000| Untracked 
| 230|0x000000008e600000, 0x000000008e600000, 0x000000008e700000|  0%| F|  |TAMS 0x000000008e600000, 0x000000008e600000| Untracked 
| 231|0x000000008e700000, 0x000000008e700000, 0x000000008e800000|  0%| F|  |TAMS 0x000000008e700000, 0x000000008e700000| Untracked 
| 232|0x000000008e800000, 0x000000008e800000, 0x000000008e900000|  0%| F|  |TAMS 0x000000008e800000, 0x000000008e800000| Untracked 
| 233|0x000000008e900000, 0x000000008e900000, 0x000000008ea00000|  0%| F|  |TAMS 0x000000008e900000, 0x000000008e900000| Untracked 
| 234|0x000000008ea00000, 0x000000008ea00000, 0x000000008eb00000|  0%| F|  |TAMS 0x000000008ea00000, 0x000000008ea00000| Untracked 
| 235|0x000000008eb00000, 0x000000008eb00000, 0x000000008ec00000|  0%| F|  |TAMS 0x000000008eb00000, 0x000000008eb00000| Untracked 
| 236|0x000000008ec00000, 0x000000008ec00000, 0x000000008ed00000|  0%| F|  |TAMS 0x000000008ec00000, 0x000000008ec00000| Untracked 
| 237|0x000000008ed00000, 0x000000008ed00000, 0x000000008ee00000|  0%| F|  |TAMS 0x000000008ed00000, 0x000000008ed00000| Untracked 
| 238|0x000000008ee00000, 0x000000008ee00000, 0x000000008ef00000|  0%| F|  |TAMS 0x000000008ee00000, 0x000000008ee00000| Untracked 
| 239|0x000000008ef00000, 0x000000008ef00000, 0x000000008f000000|  0%| F|  |TAMS 0x000000008ef00000, 0x000000008ef00000| Untracked 
| 240|0x000000008f000000, 0x000000008f000000, 0x000000008f100000|  0%| F|  |TAMS 0x000000008f000000, 0x000000008f000000| Untracked 
| 241|0x000000008f100000, 0x000000008f100000, 0x000000008f200000|  0%| F|  |TAMS 0x000000008f100000, 0x000000008f100000| Untracked 
| 242|0x000000008f200000, 0x000000008f200000, 0x000000008f300000|  0%| F|  |TAMS 0x000000008f200000, 0x000000008f200000| Untracked 
| 243|0x000000008f300000, 0x000000008f300000, 0x000000008f400000|  0%| F|  |TAMS 0x000000008f300000, 0x000000008f300000| Untracked 
| 244|0x000000008f400000, 0x000000008f400000, 0x000000008f500000|  0%| F|  |TAMS 0x000000008f400000, 0x000000008f400000| Untracked 
| 245|0x000000008f500000, 0x000000008f500000, 0x000000008f600000|  0%| F|  |TAMS 0x000000008f500000, 0x000000008f500000| Untracked 
| 246|0x000000008f600000, 0x000000008f600000, 0x000000008f700000|  0%| F|  |TAMS 0x000000008f600000, 0x000000008f600000| Untracked 
| 247|0x000000008f700000, 0x000000008f700000, 0x000000008f800000|  0%| F|  |TAMS 0x000000008f700000, 0x000000008f700000| Untracked 
| 248|0x000000008f800000, 0x000000008f800000, 0x000000008f900000|  0%| F|  |TAMS 0x000000008f800000, 0x000000008f800000| Untracked 
| 249|0x000000008f900000, 0x000000008f900000, 0x000000008fa00000|  0%| F|  |TAMS 0x000000008f900000, 0x000000008f900000| Untracked 
| 250|0x000000008fa00000, 0x000000008fa00000, 0x000000008fb00000|  0%| F|  |TAMS 0x000000008fa00000, 0x000000008fa00000| Untracked 
| 251|0x000000008fb00000, 0x000000008fb00000, 0x000000008fc00000|  0%| F|  |TAMS 0x000000008fb00000, 0x000000008fb00000| Untracked 
| 252|0x000000008fc00000, 0x000000008fc00000, 0x000000008fd00000|  0%| F|  |TAMS 0x000000008fc00000, 0x000000008fc00000| Untracked 
| 253|0x000000008fd00000, 0x000000008fd00000, 0x000000008fe00000|  0%| F|  |TAMS 0x000000008fd00000, 0x000000008fd00000| Untracked 
| 254|0x000000008fe00000, 0x000000008ff00000, 0x000000008ff00000|100%| S|CS|TAMS 0x000000008fe00000, 0x000000008fe00000| Complete 
| 255|0x000000008ff00000, 0x0000000090000000, 0x0000000090000000|100%| S|CS|TAMS 0x000000008ff00000, 0x000000008ff00000| Complete 
| 256|0x0000000090000000, 0x0000000090000000, 0x0000000090100000|  0%| F|  |TAMS 0x0000000090000000, 0x0000000090000000| Untracked 
| 257|0x0000000090100000, 0x0000000090100000, 0x0000000090200000|  0%| F|  |TAMS 0x0000000090100000, 0x0000000090100000| Untracked 
| 258|0x0000000090200000, 0x0000000090300000, 0x0000000090300000|100%| S|CS|TAMS 0x0000000090200000, 0x0000000090200000| Complete 
| 259|0x0000000090300000, 0x0000000090300000, 0x0000000090400000|  0%| F|  |TAMS 0x0000000090300000, 0x0000000090300000| Untracked 
| 260|0x0000000090400000, 0x0000000090400000, 0x0000000090500000|  0%| F|  |TAMS 0x0000000090400000, 0x0000000090400000| Untracked 
| 261|0x0000000090500000, 0x0000000090500000, 0x0000000090600000|  0%| F|  |TAMS 0x0000000090500000, 0x0000000090500000| Untracked 
| 262|0x0000000090600000, 0x0000000090600000, 0x0000000090700000|  0%| F|  |TAMS 0x0000000090600000, 0x0000000090600000| Untracked 
| 263|0x0000000090700000, 0x0000000090700000, 0x0000000090800000|  0%| F|  |TAMS 0x0000000090700000, 0x0000000090700000| Untracked 
| 264|0x0000000090800000, 0x0000000090800000, 0x0000000090900000|  0%| F|  |TAMS 0x0000000090800000, 0x0000000090800000| Untracked 
| 265|0x0000000090900000, 0x0000000090900000, 0x0000000090a00000|  0%| F|  |TAMS 0x0000000090900000, 0x0000000090900000| Untracked 
| 266|0x0000000090a00000, 0x0000000090a00000, 0x0000000090b00000|  0%| F|  |TAMS 0x0000000090a00000, 0x0000000090a00000| Untracked 
| 267|0x0000000090b00000, 0x0000000090b00000, 0x0000000090c00000|  0%| F|  |TAMS 0x0000000090b00000, 0x0000000090b00000| Untracked 
| 268|0x0000000090c00000, 0x0000000090c00000, 0x0000000090d00000|  0%| F|  |TAMS 0x0000000090c00000, 0x0000000090c00000| Untracked 
| 269|0x0000000090d00000, 0x0000000090d00000, 0x0000000090e00000|  0%| F|  |TAMS 0x0000000090d00000, 0x0000000090d00000| Untracked 
| 270|0x0000000090e00000, 0x0000000090e00000, 0x0000000090f00000|  0%| F|  |TAMS 0x0000000090e00000, 0x0000000090e00000| Untracked 
| 271|0x0000000090f00000, 0x0000000090f00000, 0x0000000091000000|  0%| F|  |TAMS 0x0000000090f00000, 0x0000000090f00000| Untracked 
| 272|0x0000000091000000, 0x0000000091000000, 0x0000000091100000|  0%| F|  |TAMS 0x0000000091000000, 0x0000000091000000| Untracked 
| 273|0x0000000091100000, 0x0000000091100000, 0x0000000091200000|  0%| F|  |TAMS 0x0000000091100000, 0x0000000091100000| Untracked 
| 274|0x0000000091200000, 0x0000000091200000, 0x0000000091300000|  0%| F|  |TAMS 0x0000000091200000, 0x0000000091200000| Untracked 
| 275|0x0000000091300000, 0x0000000091344ce0, 0x0000000091400000| 26%| E|  |TAMS 0x0000000091300000, 0x0000000091300000| Complete 
| 276|0x0000000091400000, 0x0000000091500000, 0x0000000091500000|100%| E|CS|TAMS 0x0000000091400000, 0x0000000091400000| Complete 
| 277|0x0000000091500000, 0x0000000091600000, 0x0000000091600000|100%| E|CS|TAMS 0x0000000091500000, 0x0000000091500000| Complete 
| 278|0x0000000091600000, 0x0000000091700000, 0x0000000091700000|100%| E|CS|TAMS 0x0000000091600000, 0x0000000091600000| Complete 
| 279|0x0000000091700000, 0x0000000091800000, 0x0000000091800000|100%| E|CS|TAMS 0x0000000091700000, 0x0000000091700000| Complete 
| 280|0x0000000091800000, 0x0000000091900000, 0x0000000091900000|100%| E|CS|TAMS 0x0000000091800000, 0x0000000091800000| Complete 
| 281|0x0000000091900000, 0x0000000091a00000, 0x0000000091a00000|100%| E|CS|TAMS 0x0000000091900000, 0x0000000091900000| Complete 
| 282|0x0000000091a00000, 0x0000000091b00000, 0x0000000091b00000|100%| E|CS|TAMS 0x0000000091a00000, 0x0000000091a00000| Complete 

Card table byte_map: [0x0000024528d10000,0x0000024529110000] _byte_map_base: 0x0000024528910000

Marking Bits (Prev, Next): (CMBitMap*) 0x0000024510020420, (CMBitMap*) 0x00000245100203e0
 Prev Bits: [0x000002452b510000, 0x000002452d510000)
 Next Bits: [0x0000024529510000, 0x000002452b510000)

Polling page: 0x000002450fdf0000

Metaspace:

Usage:
  Non-class:     91.90 MB used.
      Class:     14.28 MB used.
       Both:    106.18 MB used.

Virtual space:
  Non-class space:      128.00 MB reserved,      92.50 MB ( 72%) committed,  2 nodes.
      Class space:      416.00 MB reserved,      14.88 MB (  4%) committed,  1 nodes.
             Both:      544.00 MB reserved,     107.38 MB ( 20%) committed. 

Chunk freelists:
   Non-Class:  3.38 MB
       Class:  1.04 MB
        Both:  4.42 MB

MaxMetaspaceSize: 512.00 MB
CompressedClassSpaceSize: 416.00 MB
Initial GC threshold: 21.00 MB
Current GC threshold: 117.00 MB
CDS: on
MetaspaceReclaimPolicy: balanced
 - commit_granule_bytes: 65536.
 - commit_granule_words: 8192.
 - virtual_space_node_default_size: 8388608.
 - enlarge_chunks_in_place: 1.
 - new_chunks_are_fully_committed: 0.
 - uncommit_free_chunks: 1.
 - use_allocation_guard: 0.
 - handle_deallocations: 1.


Internal statistics:

num_allocs_failed_limit: 6.
num_arena_births: 1768.
num_arena_deaths: 0.
num_vsnodes_births: 3.
num_vsnodes_deaths: 0.
num_space_committed: 1718.
num_space_uncommitted: 0.
num_chunks_returned_to_freelist: 6.
num_chunks_taken_from_freelist: 6649.
num_chunk_merges: 6.
num_chunk_splits: 4245.
num_chunks_enlarged: 2576.
num_inconsistent_stats: 0.

CodeHeap 'non-profiled nmethods': size=120000Kb used=9412Kb max_used=10010Kb free=110587Kb
 bounds [0x0000024520dc0000, 0x0000024521790000, 0x00000245282f0000]
CodeHeap 'profiled nmethods': size=120000Kb used=28338Kb max_used=29072Kb free=91661Kb
 bounds [0x00000245192f0000, 0x000002451af60000, 0x0000024520820000]
CodeHeap 'non-nmethods': size=5760Kb used=2414Kb max_used=2505Kb free=3345Kb
 bounds [0x0000024520820000, 0x0000024520aa0000, 0x0000024520dc0000]
 total_blobs=15626 nmethods=14681 adapters=855
 compilation: enabled
              stopped_count=0, restarted_count=0
 full_count=0

Compilation events (20 events):
Event: 147.535 Thread 0x000002452fae3be0 17190   !   4       org.gradle.internal.concurrent.ExecutorPolicy$CatchAndRecordFailures::onExecute (29 bytes)
Event: 147.535 Thread 0x000002452fae4db0 nmethod 17191 0x000002451af53010 code [0x000002451af53240, 0x000002451af53a38]
Event: 147.538 Thread 0x000002452fae3be0 nmethod 17190 0x0000024521784010 code [0x00000245217841a0, 0x0000024521784318]
Event: 147.538 Thread 0x000002452fae3be0 17189       4       com.google.common.cache.LocalCache$Segment::newEntry (18 bytes)
Event: 147.546 Thread 0x000002452fae3be0 nmethod 17189 0x0000024521784490 code [0x0000024521784640, 0x0000024521784cb8]
Event: 147.571 Thread 0x000002452fae3be0 17192       4       java.util.concurrent.ConcurrentLinkedQueue::poll (84 bytes)
Event: 147.575 Thread 0x000002452fae4db0 17195       3       java.nio.HeapByteBuffer::put (12 bytes)
Event: 147.576 Thread 0x000002452fae4db0 nmethod 17195 0x000002451af53d90 code [0x000002451af53f60, 0x000002451af54388]
Event: 147.588 Thread 0x000002452fae3be0 nmethod 17192 0x0000024521784e90 code [0x0000024521785020, 0x00000245217855b8]
Event: 147.588 Thread 0x000002452fae3be0 17194       4       java.io.BufferedInputStream::fill (203 bytes)
Event: 147.590 Thread 0x000002452fae3be0 nmethod 17194 0x0000024521785790 code [0x0000024521785920, 0x0000024521785a58]
Event: 147.590 Thread 0x000002452fae3be0 17193   !   4       java.util.concurrent.FutureTask::run (123 bytes)
Event: 147.614 Thread 0x000002452fae3be0 nmethod 17193 0x0000024521785e90 code [0x0000024521786040, 0x0000024521786648]
Event: 147.614 Thread 0x000002452fae3be0 17197   !   4       java.nio.file.FileTreeWalker::next (144 bytes)
Event: 147.620 Thread 0x0000024550345890 nmethod 17183 0x0000024520ede810 code [0x0000024520edeaa0, 0x0000024520ee1428]
Event: 147.621 Thread 0x0000024550345890 17198       4       com.google.common.cache.LocalCache$StrongValueReference::copyFor (2 bytes)
Event: 147.621 Thread 0x0000024550345890 nmethod 17198 0x0000024520ee9f90 code [0x0000024520eea100, 0x0000024520eea178]
Event: 147.649 Thread 0x0000024550345890 17199       4       java.util.ArrayDeque::removeLast (19 bytes)
Event: 147.652 Thread 0x0000024550345890 nmethod 17199 0x000002452142dc90 code [0x000002452142de00, 0x000002452142df38]
Event: 147.664 Thread 0x0000024550345890 17200   !   4       org.gradle.cache.internal.DefaultMultiProcessSafePersistentIndexedCache::getIfPresent (25 bytes)

GC Heap History (20 events):
Event: 111.253 GC heap before
{Heap before GC invocations=46 (full 0):
 garbage-first heap   total 289792K, used 234117K [0x0000000080000000, 0x0000000100000000)
  region size 1024K, 77 young (78848K), 3 survivors (3072K)
 Metaspace       used 98004K, committed 99008K, reserved 557056K
  class space    used 13426K, committed 13888K, reserved 425984K
}
Event: 111.284 GC heap after
{Heap after GC invocations=47 (full 0):
 garbage-first heap   total 289792K, used 170204K [0x0000000080000000, 0x0000000100000000)
  region size 1024K, 10 young (10240K), 10 survivors (10240K)
 Metaspace       used 98004K, committed 99008K, reserved 557056K
  class space    used 13426K, committed 13888K, reserved 425984K
}
Event: 126.749 GC heap before
{Heap before GC invocations=47 (full 0):
 garbage-first heap   total 289792K, used 232668K [0x0000000080000000, 0x0000000100000000)
  region size 1024K, 72 young (73728K), 10 survivors (10240K)
 Metaspace       used 102121K, committed 103104K, reserved 557056K
  class space    used 13805K, committed 14272K, reserved 425984K
}
Event: 126.786 GC heap after
{Heap after GC invocations=48 (full 0):
 garbage-first heap   total 289792K, used 178866K [0x0000000080000000, 0x0000000100000000)
  region size 1024K, 8 young (8192K), 8 survivors (8192K)
 Metaspace       used 102121K, committed 103104K, reserved 557056K
  class space    used 13805K, committed 14272K, reserved 425984K
}
Event: 138.888 GC heap before
{Heap before GC invocations=48 (full 0):
 garbage-first heap   total 289792K, used 235186K [0x0000000080000000, 0x0000000100000000)
  region size 1024K, 64 young (65536K), 8 survivors (8192K)
 Metaspace       used 102496K, committed 103552K, reserved 557056K
  class space    used 13841K, committed 14336K, reserved 425984K
}
Event: 138.921 GC heap after
{Heap after GC invocations=49 (full 0):
 garbage-first heap   total 289792K, used 187219K [0x0000000080000000, 0x0000000100000000)
  region size 1024K, 8 young (8192K), 8 survivors (8192K)
 Metaspace       used 102496K, committed 103552K, reserved 557056K
  class space    used 13841K, committed 14336K, reserved 425984K
}
Event: 140.144 GC heap before
{Heap before GC invocations=49 (full 0):
 garbage-first heap   total 289792K, used 237395K [0x0000000080000000, 0x0000000100000000)
  region size 1024K, 57 young (58368K), 8 survivors (8192K)
 Metaspace       used 102844K, committed 104064K, reserved 557056K
  class space    used 13896K, committed 14464K, reserved 425984K
}
Event: 140.184 GC heap after
{Heap after GC invocations=50 (full 0):
 garbage-first heap   total 289792K, used 197632K [0x0000000080000000, 0x0000000100000000)
  region size 1024K, 8 young (8192K), 8 survivors (8192K)
 Metaspace       used 102844K, committed 104064K, reserved 557056K
  class space    used 13896K, committed 14464K, reserved 425984K
}
Event: 142.235 GC heap before
{Heap before GC invocations=50 (full 0):
 garbage-first heap   total 289792K, used 239616K [0x0000000080000000, 0x0000000100000000)
  region size 1024K, 49 young (50176K), 8 survivors (8192K)
 Metaspace       used 106946K, committed 108160K, reserved 557056K
  class space    used 14472K, committed 15040K, reserved 425984K
}
Event: 142.276 GC heap after
{Heap after GC invocations=51 (full 0):
 garbage-first heap   total 289792K, used 205101K [0x0000000080000000, 0x0000000100000000)
  region size 1024K, 7 young (7168K), 7 survivors (7168K)
 Metaspace       used 106946K, committed 108160K, reserved 557056K
  class space    used 14472K, committed 15040K, reserved 425984K
}
Event: 143.117 GC heap before
{Heap before GC invocations=51 (full 0):
 garbage-first heap   total 289792K, used 241965K [0x0000000080000000, 0x0000000100000000)
  region size 1024K, 43 young (44032K), 7 survivors (7168K)
 Metaspace       used 107336K, committed 108544K, reserved 557056K
  class space    used 14500K, committed 15104K, reserved 425984K
}
Event: 143.159 GC heap after
{Heap after GC invocations=52 (full 0):
 garbage-first heap   total 289792K, used 212388K [0x0000000080000000, 0x0000000100000000)
  region size 1024K, 6 young (6144K), 6 survivors (6144K)
 Metaspace       used 107336K, committed 108544K, reserved 557056K
  class space    used 14500K, committed 15104K, reserved 425984K
}
Event: 143.699 GC heap before
{Heap before GC invocations=52 (full 0):
 garbage-first heap   total 289792K, used 243108K [0x0000000080000000, 0x0000000100000000)
  region size 1024K, 36 young (36864K), 6 survivors (6144K)
 Metaspace       used 107683K, committed 108864K, reserved 557056K
  class space    used 14531K, committed 15104K, reserved 425984K
}
Event: 143.729 GC heap after
{Heap after GC invocations=53 (full 0):
 garbage-first heap   total 289792K, used 218112K [0x0000000080000000, 0x0000000100000000)
  region size 1024K, 5 young (5120K), 5 survivors (5120K)
 Metaspace       used 107683K, committed 108864K, reserved 557056K
  class space    used 14531K, committed 15104K, reserved 425984K
}
Event: 144.852 GC heap before
{Heap before GC invocations=53 (full 0):
 garbage-first heap   total 289792K, used 244736K [0x0000000080000000, 0x0000000100000000)
  region size 1024K, 32 young (32768K), 5 survivors (5120K)
 Metaspace       used 108261K, committed 109504K, reserved 557056K
  class space    used 14586K, committed 15168K, reserved 425984K
}
Event: 144.872 GC heap after
{Heap after GC invocations=54 (full 0):
 garbage-first heap   total 289792K, used 221348K [0x0000000080000000, 0x0000000100000000)
  region size 1024K, 3 young (3072K), 3 survivors (3072K)
 Metaspace       used 108261K, committed 109504K, reserved 557056K
  class space    used 14586K, committed 15168K, reserved 425984K
}
Event: 146.485 GC heap before
{Heap before GC invocations=54 (full 0):
 garbage-first heap   total 289792K, used 245924K [0x0000000080000000, 0x0000000100000000)
  region size 1024K, 28 young (28672K), 3 survivors (3072K)
 Metaspace       used 108626K, committed 109888K, reserved 557056K
  class space    used 14624K, committed 15232K, reserved 425984K
}
Event: 146.500 GC heap after
{Heap after GC invocations=55 (full 0):
 garbage-first heap   total 289792K, used 223943K [0x0000000080000000, 0x0000000100000000)
  region size 1024K, 3 young (3072K), 3 survivors (3072K)
 Metaspace       used 108626K, committed 109888K, reserved 557056K
  class space    used 14624K, committed 15232K, reserved 425984K
}
Event: 147.592 GC heap before
{Heap before GC invocations=55 (full 0):
 garbage-first heap   total 289792K, used 247495K [0x0000000080000000, 0x0000000100000000)
  region size 1024K, 27 young (27648K), 3 survivors (3072K)
 Metaspace       used 108724K, committed 109952K, reserved 557056K
  class space    used 14624K, committed 15232K, reserved 425984K
}
Event: 147.603 GC heap after
{Heap after GC invocations=56 (full 0):
 garbage-first heap   total 289792K, used 226887K [0x0000000080000000, 0x0000000100000000)
  region size 1024K, 3 young (3072K), 3 survivors (3072K)
 Metaspace       used 108724K, committed 109952K, reserved 557056K
  class space    used 14624K, committed 15232K, reserved 425984K
}

Dll operation events (12 events):
Event: 0.023 Loaded shared library C:\Program Files\Microsoft\jdk-17.0.8.7-hotspot\bin\java.dll
Event: 0.073 Loaded shared library C:\Program Files\Microsoft\jdk-17.0.8.7-hotspot\bin\jsvml.dll
Event: 0.198 Loaded shared library C:\Program Files\Microsoft\jdk-17.0.8.7-hotspot\bin\net.dll
Event: 0.216 Loaded shared library C:\Program Files\Microsoft\jdk-17.0.8.7-hotspot\bin\nio.dll
Event: 0.263 Loaded shared library C:\Program Files\Microsoft\jdk-17.0.8.7-hotspot\bin\zip.dll
Event: 1.485 Loaded shared library C:\Program Files\Microsoft\jdk-17.0.8.7-hotspot\bin\jimage.dll
Event: 1.699 Loaded shared library C:\Program Files\Microsoft\jdk-17.0.8.7-hotspot\bin\verify.dll
Event: 10.407 Loaded shared library C:\Users\arif\.gradle\native\68d5fa5c4cc2d200863cafc0d521ce42e7d3e7ee720ec0a83991735586a16f82\windows-amd64\native-platform.dll
Event: 18.700 Loaded shared library C:\Users\arif\.gradle\native\e376f236ea51e6404a007f0833ffe2c6e607c4080706a723a18a27aeea778392\windows-amd64\native-platform-file-events.dll
Event: 38.968 Loaded shared library C:\Program Files\Microsoft\jdk-17.0.8.7-hotspot\bin\management.dll
Event: 38.975 Loaded shared library C:\Program Files\Microsoft\jdk-17.0.8.7-hotspot\bin\management_ext.dll
Event: 40.215 Loaded shared library C:\Program Files\Microsoft\jdk-17.0.8.7-hotspot\bin\sunmscapi.dll

Deoptimization events (20 events):
Event: 146.743 Thread 0x00000245501acdf0 Uncommon trap: trap_request=0xffffffbe fr.pc=0x0000024521754c18 relative=0x00000000000003f8
Event: 146.743 Thread 0x00000245501acdf0 Uncommon trap: reason=profile_predicate action=maybe_recompile pc=0x0000024521754c18 method=java.util.Collections.indexedBinarySearch(Ljava/util/List;Ljava/lang/Object;Ljava/util/Comparator;)I @ 15 c2
Event: 146.743 Thread 0x00000245501acdf0 DEOPT PACKING pc=0x0000024521754c18 sp=0x000000a8343fd160
Event: 146.743 Thread 0x00000245501acdf0 DEOPT UNPACKING pc=0x00000245208769a3 sp=0x000000a8343fd030 mode 2
Event: 146.743 Thread 0x00000245501acdf0 Uncommon trap: trap_request=0xffffffbe fr.pc=0x0000024521754c18 relative=0x00000000000003f8
Event: 146.743 Thread 0x00000245501acdf0 Uncommon trap: reason=profile_predicate action=maybe_recompile pc=0x0000024521754c18 method=java.util.Collections.indexedBinarySearch(Ljava/util/List;Ljava/lang/Object;Ljava/util/Comparator;)I @ 15 c2
Event: 146.743 Thread 0x00000245501acdf0 DEOPT PACKING pc=0x0000024521754c18 sp=0x000000a8343fd160
Event: 146.743 Thread 0x00000245501acdf0 DEOPT UNPACKING pc=0x00000245208769a3 sp=0x000000a8343fd030 mode 2
Event: 146.744 Thread 0x00000245501acdf0 Uncommon trap: trap_request=0xffffffbe fr.pc=0x0000024521754c18 relative=0x00000000000003f8
Event: 146.744 Thread 0x00000245501acdf0 Uncommon trap: reason=profile_predicate action=maybe_recompile pc=0x0000024521754c18 method=java.util.Collections.indexedBinarySearch(Ljava/util/List;Ljava/lang/Object;Ljava/util/Comparator;)I @ 15 c2
Event: 146.744 Thread 0x00000245501acdf0 DEOPT PACKING pc=0x0000024521754c18 sp=0x000000a8343fd090
Event: 146.744 Thread 0x00000245501acdf0 DEOPT UNPACKING pc=0x00000245208769a3 sp=0x000000a8343fcf60 mode 2
Event: 146.744 Thread 0x00000245501acdf0 Uncommon trap: trap_request=0xffffffbe fr.pc=0x0000024521754c18 relative=0x00000000000003f8
Event: 146.744 Thread 0x00000245501acdf0 Uncommon trap: reason=profile_predicate action=maybe_recompile pc=0x0000024521754c18 method=java.util.Collections.indexedBinarySearch(Ljava/util/List;Ljava/lang/Object;Ljava/util/Comparator;)I @ 15 c2
Event: 146.744 Thread 0x00000245501acdf0 DEOPT PACKING pc=0x0000024521754c18 sp=0x000000a8343fd090
Event: 146.744 Thread 0x00000245501acdf0 DEOPT UNPACKING pc=0x00000245208769a3 sp=0x000000a8343fcf60 mode 2
Event: 147.083 Thread 0x00000245501acdf0 Uncommon trap: trap_request=0xffffff45 fr.pc=0x00000245214e843c relative=0x00000000000011dc
Event: 147.083 Thread 0x00000245501acdf0 Uncommon trap: reason=unstable_if action=reinterpret pc=0x00000245214e843c method=org.gradle.internal.time.MonotonicClock.advance(J)J @ 25 c2
Event: 147.083 Thread 0x00000245501acdf0 DEOPT PACKING pc=0x00000245214e843c sp=0x000000a8343fd710
Event: 147.083 Thread 0x00000245501acdf0 DEOPT UNPACKING pc=0x00000245208769a3 sp=0x000000a8343fd5b8 mode 2

Classes unloaded (0 events):
No events

Classes redefined (0 events):
No events

Internal exceptions (20 events):
Event: 146.161 Thread 0x00000245501b0fc0 Exception <a 'sun/nio/fs/WindowsException'{0x00000000907633f8}> (0x00000000907633f8) 
thrown [s\src\hotspot\share\prims\jni.cpp, line 516]
Event: 146.162 Thread 0x00000245501b0fc0 Exception <a 'sun/nio/fs/WindowsException'{0x0000000090765540}> (0x0000000090765540) 
thrown [s\src\hotspot\share\prims\jni.cpp, line 516]
Event: 146.172 Thread 0x00000245501b0fc0 Exception <a 'sun/nio/fs/WindowsException'{0x0000000090782a98}> (0x0000000090782a98) 
thrown [s\src\hotspot\share\prims\jni.cpp, line 516]
Event: 146.184 Thread 0x00000245501b0fc0 Exception <a 'sun/nio/fs/WindowsException'{0x0000000090793da8}> (0x0000000090793da8) 
thrown [s\src\hotspot\share\prims\jni.cpp, line 516]
Event: 146.184 Thread 0x00000245501b0fc0 Exception <a 'sun/nio/fs/WindowsException'{0x0000000090795b70}> (0x0000000090795b70) 
thrown [s\src\hotspot\share\prims\jni.cpp, line 516]
Event: 146.192 Thread 0x00000245501b0fc0 Exception <a 'sun/nio/fs/WindowsException'{0x00000000907a2cf0}> (0x00000000907a2cf0) 
thrown [s\src\hotspot\share\prims\jni.cpp, line 516]
Event: 146.193 Thread 0x00000245501b0fc0 Exception <a 'sun/nio/fs/WindowsException'{0x00000000907a4ab8}> (0x00000000907a4ab8) 
thrown [s\src\hotspot\share\prims\jni.cpp, line 516]
Event: 146.203 Thread 0x00000245501ac3d0 Exception <a 'sun/nio/fs/WindowsException'{0x00000000907c30b0}> (0x00000000907c30b0) 
thrown [s\src\hotspot\share\prims\jni.cpp, line 516]
Event: 146.204 Thread 0x00000245501ac3d0 Exception <a 'sun/nio/fs/WindowsException'{0x00000000907c5040}> (0x00000000907c5040) 
thrown [s\src\hotspot\share\prims\jni.cpp, line 516]
Event: 146.208 Thread 0x00000245501ac3d0 Exception <a 'sun/nio/fs/WindowsException'{0x00000000907d1aa0}> (0x00000000907d1aa0) 
thrown [s\src\hotspot\share\prims\jni.cpp, line 516]
Event: 146.209 Thread 0x00000245501ac3d0 Exception <a 'sun/nio/fs/WindowsException'{0x00000000907d3770}> (0x00000000907d3770) 
thrown [s\src\hotspot\share\prims\jni.cpp, line 516]
Event: 146.215 Thread 0x00000245501ac3d0 Exception <a 'sun/nio/fs/WindowsException'{0x00000000907e03c8}> (0x00000000907e03c8) 
thrown [s\src\hotspot\share\prims\jni.cpp, line 516]
Event: 146.215 Thread 0x00000245501ac3d0 Exception <a 'sun/nio/fs/WindowsException'{0x00000000907e2138}> (0x00000000907e2138) 
thrown [s\src\hotspot\share\prims\jni.cpp, line 516]
Event: 146.220 Thread 0x00000245501ac3d0 Exception <a 'sun/nio/fs/WindowsException'{0x00000000907eefb8}> (0x00000000907eefb8) 
thrown [s\src\hotspot\share\prims\jni.cpp, line 516]
Event: 146.220 Thread 0x00000245501ac3d0 Exception <a 'sun/nio/fs/WindowsException'{0x00000000907f0fb0}> (0x00000000907f0fb0) 
thrown [s\src\hotspot\share\prims\jni.cpp, line 516]
Event: 146.226 Thread 0x00000245501ac3d0 Exception <a 'sun/nio/fs/WindowsException'{0x0000000090601730}> (0x0000000090601730) 
thrown [s\src\hotspot\share\prims\jni.cpp, line 516]
Event: 146.227 Thread 0x00000245501ac3d0 Exception <a 'sun/nio/fs/WindowsException'{0x00000000906035b8}> (0x00000000906035b8) 
thrown [s\src\hotspot\share\prims\jni.cpp, line 516]
Event: 146.228 Thread 0x00000245501ac3d0 Exception <a 'sun/nio/fs/WindowsException'{0x0000000090605180}> (0x0000000090605180) 
thrown [s\src\hotspot\share\prims\jni.cpp, line 516]
Event: 146.228 Thread 0x00000245501ac3d0 Exception <a 'sun/nio/fs/WindowsException'{0x00000000906082f8}> (0x00000000906082f8) 
thrown [s\src\hotspot\share\prims\jni.cpp, line 516]
Event: 146.261 Thread 0x00000245501b0fc0 Exception <a 'java/lang/NoSuchMethodError'{0x00000000906472a8}: static Lcom/android/build/api/variant/BuildConfigField;.<clinit>()V> (0x00000000906472a8) 
thrown [s\src\hotspot\share\prims\jni.cpp, line 1107]

VM Operations (20 events):
Event: 145.919 Executing VM operation: HandshakeAllThreads
Event: 145.919 Executing VM operation: HandshakeAllThreads done
Event: 145.937 Executing VM operation: HandshakeAllThreads
Event: 145.938 Executing VM operation: HandshakeAllThreads done
Event: 146.024 Executing VM operation: HandshakeAllThreads
Event: 146.024 Executing VM operation: HandshakeAllThreads done
Event: 146.026 Executing VM operation: HandshakeAllThreads
Event: 146.027 Executing VM operation: HandshakeAllThreads done
Event: 146.474 Executing VM operation: ICBufferFull
Event: 146.475 Executing VM operation: ICBufferFull done
Event: 146.485 Executing VM operation: G1CollectForAllocation
Event: 146.501 Executing VM operation: G1CollectForAllocation done
Event: 147.269 Executing VM operation: HandshakeAllThreads
Event: 147.269 Executing VM operation: HandshakeAllThreads done
Event: 147.293 Executing VM operation: ICBufferFull
Event: 147.293 Executing VM operation: ICBufferFull done
Event: 147.592 Executing VM operation: G1CollectForAllocation
Event: 147.603 Executing VM operation: G1CollectForAllocation done
Event: 147.614 Executing VM operation: HandshakeAllThreads
Event: 147.614 Executing VM operation: HandshakeAllThreads done

Events (20 events):
Event: 147.639 Thread 0x000002452fb488b0 flushing nmethod 0x000002451a7eeb10
Event: 147.639 Thread 0x000002452fb488b0 flushing nmethod 0x000002451a7ef510
Event: 147.639 Thread 0x000002452fb488b0 flushing nmethod 0x000002451a7f0010
Event: 147.639 Thread 0x000002452fb488b0 flushing nmethod 0x000002451a7f2290
Event: 147.639 Thread 0x000002452fb488b0 flushing nmethod 0x000002451a7f2b90
Event: 147.639 Thread 0x000002452fb488b0 flushing nmethod 0x000002451a7f3c10
Event: 147.640 Thread 0x000002452fb488b0 flushing nmethod 0x000002451a88d410
Event: 147.640 Thread 0x000002452fb488b0 flushing nmethod 0x000002451a8a9410
Event: 147.642 Thread 0x000002452fb488b0 flushing nmethod 0x000002451aad0d90
Event: 147.642 Thread 0x000002452fb488b0 flushing nmethod 0x000002451aade790
Event: 147.642 Thread 0x000002452fb488b0 flushing nmethod 0x000002451ab56010
Event: 147.642 Thread 0x000002452fb488b0 flushing nmethod 0x000002451ab56490
Event: 147.642 Thread 0x000002452fb488b0 flushing nmethod 0x000002451ab56c10
Event: 147.642 Thread 0x000002452fb488b0 flushing nmethod 0x000002451ab57610
Event: 147.642 Thread 0x000002452fb488b0 flushing nmethod 0x000002451ab68d10
Event: 147.642 Thread 0x000002452fb488b0 flushing nmethod 0x000002451ab69390
Event: 147.642 Thread 0x000002452fb488b0 flushing nmethod 0x000002451ab69890
Event: 147.643 Thread 0x000002452fb488b0 flushing nmethod 0x000002451abf5410
Event: 147.643 Thread 0x000002452fb488b0 flushing nmethod 0x000002451abf6090
Event: 147.643 Thread 0x000002452fb488b0 flushing nmethod 0x000002451abf6a10


Dynamic libraries:
0x00007ff6a50d0000 - 0x00007ff6a50de000 	C:\Program Files\Microsoft\jdk-17.0.8.7-hotspot\bin\java.exe
0x00007ffc1a970000 - 0x00007ffc1ab68000 	C:\WINDOWS\SYSTEM32\ntdll.dll
0x00007ffc194d0000 - 0x00007ffc1958d000 	C:\WINDOWS\System32\KERNEL32.DLL
0x00007ffc180e0000 - 0x00007ffc183d6000 	C:\WINDOWS\System32\KERNELBASE.dll
0x00007ffc18770000 - 0x00007ffc18870000 	C:\WINDOWS\System32\ucrtbase.dll
0x00007ffb83bf0000 - 0x00007ffb83c07000 	C:\Program Files\Microsoft\jdk-17.0.8.7-hotspot\bin\jli.dll
0x00007ffc1a6e0000 - 0x00007ffc1a87e000 	C:\WINDOWS\System32\USER32.dll
0x00007ffbf2c80000 - 0x00007ffbf2f1a000 	C:\WINDOWS\WinSxS\amd64_microsoft.windows.common-controls_6595b64144ccf1df_6.0.19041.3636_none_60b6a03d71f818d5\COMCTL32.dll
0x00007ffc18590000 - 0x00007ffc185b2000 	C:\WINDOWS\System32\win32u.dll
0x00007ffc19110000 - 0x00007ffc191ae000 	C:\WINDOWS\System32\msvcrt.dll
0x00007ffc19380000 - 0x00007ffc193ac000 	C:\WINDOWS\System32\GDI32.dll
0x00007ffc185c0000 - 0x00007ffc186da000 	C:\WINDOWS\System32\gdi32full.dll
0x00007ffc18040000 - 0x00007ffc180dd000 	C:\WINDOWS\System32\msvcp_win.dll
0x00007ffb83c10000 - 0x00007ffb83c2b000 	C:\Program Files\Microsoft\jdk-17.0.8.7-hotspot\bin\VCRUNTIME140.dll
0x00007ffc19970000 - 0x00007ffc199a0000 	C:\WINDOWS\System32\IMM32.DLL
0x00007ffbd4580000 - 0x00007ffbd458c000 	C:\Program Files\Microsoft\jdk-17.0.8.7-hotspot\bin\vcruntime140_1.dll
0x00007ffb83b60000 - 0x00007ffb83bed000 	C:\Program Files\Microsoft\jdk-17.0.8.7-hotspot\bin\msvcp140.dll
0x00007ffb82ef0000 - 0x00007ffb83b55000 	C:\Program Files\Microsoft\jdk-17.0.8.7-hotspot\bin\server\jvm.dll
0x00007ffc19a70000 - 0x00007ffc19b23000 	C:\WINDOWS\System32\ADVAPI32.dll
0x00007ffc1a510000 - 0x00007ffc1a5af000 	C:\WINDOWS\System32\sechost.dll
0x00007ffc19fa0000 - 0x00007ffc1a0c6000 	C:\WINDOWS\System32\RPCRT4.dll
0x00007ffc18870000 - 0x00007ffc18897000 	C:\WINDOWS\System32\bcrypt.dll
0x00007ffc17780000 - 0x00007ffc177cb000 	C:\WINDOWS\SYSTEM32\POWRPROF.dll
0x00007ffba05c0000 - 0x00007ffba05c9000 	C:\WINDOWS\SYSTEM32\WSOCK32.dll
0x00007ffc1a0d0000 - 0x00007ffc1a13b000 	C:\WINDOWS\System32\WS2_32.dll
0x00007ffc05520000 - 0x00007ffc05547000 	C:\WINDOWS\SYSTEM32\WINMM.dll
0x00007ffc0a4a0000 - 0x00007ffc0a4aa000 	C:\WINDOWS\SYSTEM32\VERSION.dll
0x00007ffc17760000 - 0x00007ffc17772000 	C:\WINDOWS\SYSTEM32\UMPDC.dll
0x00007ffc15ef0000 - 0x00007ffc15f02000 	C:\WINDOWS\SYSTEM32\kernel.appcore.dll
0x00007ffbd2650000 - 0x00007ffbd265a000 	C:\Program Files\Microsoft\jdk-17.0.8.7-hotspot\bin\jimage.dll
0x00007ffc043f0000 - 0x00007ffc045d4000 	C:\WINDOWS\SYSTEM32\DBGHELP.DLL
0x00007ffc048d0000 - 0x00007ffc04904000 	C:\WINDOWS\SYSTEM32\dbgcore.DLL
0x00007ffc186e0000 - 0x00007ffc18762000 	C:\WINDOWS\System32\bcryptPrimitives.dll
0x00007ffb82ec0000 - 0x00007ffb82ee5000 	C:\Program Files\Microsoft\jdk-17.0.8.7-hotspot\bin\java.dll
0x00007ffb82de0000 - 0x00007ffb82eb7000 	C:\Program Files\Microsoft\jdk-17.0.8.7-hotspot\bin\jsvml.dll
0x00007ffc189c0000 - 0x00007ffc19105000 	C:\WINDOWS\System32\SHELL32.dll
0x00007ffc160f0000 - 0x00007ffc1688b000 	C:\WINDOWS\SYSTEM32\windows.storage.dll
0x00007ffc1a150000 - 0x00007ffc1a4a4000 	C:\WINDOWS\System32\combase.dll
0x00007ffc17a70000 - 0x00007ffc17a9d000 	C:\WINDOWS\SYSTEM32\Wldp.dll
0x00007ffc192d0000 - 0x00007ffc1937d000 	C:\WINDOWS\System32\SHCORE.dll
0x00007ffc19590000 - 0x00007ffc195e5000 	C:\WINDOWS\System32\shlwapi.dll
0x00007ffc17f70000 - 0x00007ffc17f95000 	C:\WINDOWS\SYSTEM32\profapi.dll
0x00007ffb82dc0000 - 0x00007ffb82dd9000 	C:\Program Files\Microsoft\jdk-17.0.8.7-hotspot\bin\net.dll
0x00007ffc0a290000 - 0x00007ffc0a39a000 	C:\WINDOWS\SYSTEM32\WINHTTP.dll
0x00007ffc177d0000 - 0x00007ffc1783a000 	C:\WINDOWS\system32\mswsock.dll
0x00007ffb82da0000 - 0x00007ffb82db6000 	C:\Program Files\Microsoft\jdk-17.0.8.7-hotspot\bin\nio.dll
0x00007ffb82d80000 - 0x00007ffb82d98000 	C:\Program Files\Microsoft\jdk-17.0.8.7-hotspot\bin\zip.dll
0x00007ffc114c0000 - 0x00007ffc114d0000 	C:\Program Files\Microsoft\jdk-17.0.8.7-hotspot\bin\verify.dll
0x00007ffb82d50000 - 0x00007ffb82d77000 	C:\Users\arif\.gradle\native\68d5fa5c4cc2d200863cafc0d521ce42e7d3e7ee720ec0a83991735586a16f82\windows-amd64\native-platform.dll
0x00007ffbe1380000 - 0x00007ffbe14c4000 	C:\Users\arif\.gradle\native\e376f236ea51e6404a007f0833ffe2c6e607c4080706a723a18a27aeea778392\windows-amd64\native-platform-file-events.dll
0x00007ffbba1e0000 - 0x00007ffbba1e9000 	C:\Program Files\Microsoft\jdk-17.0.8.7-hotspot\bin\management.dll
0x00007ffbb8b30000 - 0x00007ffbb8b3b000 	C:\Program Files\Microsoft\jdk-17.0.8.7-hotspot\bin\management_ext.dll
0x00007ffc192c0000 - 0x00007ffc192c8000 	C:\WINDOWS\System32\PSAPI.DLL
0x00007ffc179c0000 - 0x00007ffc179d8000 	C:\WINDOWS\SYSTEM32\CRYPTSP.dll
0x00007ffc17090000 - 0x00007ffc170c4000 	C:\WINDOWS\system32\rsaenh.dll
0x00007ffc17ef0000 - 0x00007ffc17f1e000 	C:\WINDOWS\SYSTEM32\USERENV.dll
0x00007ffc179e0000 - 0x00007ffc179ec000 	C:\WINDOWS\SYSTEM32\CRYPTBASE.dll
0x00007ffc17450000 - 0x00007ffc1748b000 	C:\WINDOWS\SYSTEM32\IPHLPAPI.DLL
0x00007ffc1a140000 - 0x00007ffc1a148000 	C:\WINDOWS\System32\NSI.dll
0x00007ffc0a570000 - 0x00007ffc0a587000 	C:\WINDOWS\SYSTEM32\dhcpcsvc6.DLL
0x00007ffc0a810000 - 0x00007ffc0a82d000 	C:\WINDOWS\SYSTEM32\dhcpcsvc.DLL
0x00007ffc17490000 - 0x00007ffc1755a000 	C:\WINDOWS\SYSTEM32\DNSAPI.dll
0x00007ffc14140000 - 0x00007ffc1414e000 	C:\Program Files\Microsoft\jdk-17.0.8.7-hotspot\bin\sunmscapi.dll
0x00007ffc183e0000 - 0x00007ffc1853d000 	C:\WINDOWS\System32\CRYPT32.dll
0x00007ffc17ae0000 - 0x00007ffc17b08000 	C:\WINDOWS\SYSTEM32\ncrypt.dll
0x00007ffc17aa0000 - 0x00007ffc17adb000 	C:\WINDOWS\SYSTEM32\NTASN1.dll
0x00007ffba05b0000 - 0x00007ffba05b7000 	C:\WINDOWS\system32\wshunix.dll
0x00007ffc00300000 - 0x00007ffc00317000 	C:\WINDOWS\system32\napinsp.dll
0x00007ffc00160000 - 0x00007ffc0017b000 	C:\WINDOWS\system32\pnrpnsp.dll
0x00007ffc12fe0000 - 0x00007ffc12ff5000 	C:\WINDOWS\system32\wshbth.dll
0x00007ffc139c0000 - 0x00007ffc139dd000 	C:\WINDOWS\system32\NLAapi.dll
0x00007ffc00140000 - 0x00007ffc00152000 	C:\WINDOWS\System32\winrnr.dll
0x00007ffc09180000 - 0x00007ffc0918a000 	C:\Windows\System32\rasadhlp.dll
0x00007ffc09330000 - 0x00007ffc093b0000 	C:\WINDOWS\System32\fwpuclnt.dll

dbghelp: loaded successfully - version: 4.0.5 - missing functions: none
symbol engine: initialized successfully - sym options: 0x614 - pdb path: .;C:\Program Files\Microsoft\jdk-17.0.8.7-hotspot\bin;C:\WINDOWS\SYSTEM32;C:\WINDOWS\WinSxS\amd64_microsoft.windows.common-controls_6595b64144ccf1df_6.0.19041.3636_none_60b6a03d71f818d5;C:\Program Files\Microsoft\jdk-17.0.8.7-hotspot\bin\server;C:\Users\arif\.gradle\native\68d5fa5c4cc2d200863cafc0d521ce42e7d3e7ee720ec0a83991735586a16f82\windows-amd64;C:\Users\arif\.gradle\native\e376f236ea51e6404a007f0833ffe2c6e607c4080706a723a18a27aeea778392\windows-amd64

VM Arguments:
jvm_args: -XX:MaxMetaspaceSize=512m --add-opens=java.base/java.util=ALL-UNNAMED --add-opens=java.base/java.lang=ALL-UNNAMED --add-opens=java.base/java.lang.invoke=ALL-UNNAMED --add-opens=java.prefs/java.util.prefs=ALL-UNNAMED --add-opens=java.base/java.nio.charset=ALL-UNNAMED --add-opens=java.base/java.net=ALL-UNNAMED --add-opens=java.base/java.util.concurrent.atomic=ALL-UNNAMED -Xmx2048m -Dfile.encoding=windows-1252 -Duser.country=US -Duser.language=en -Duser.variant 
java_command: org.gradle.launcher.daemon.bootstrap.GradleDaemon 8.0.1
java_class_path (initial): C:\Users\arif\.gradle\wrapper\dists\gradle-8.0.1-all\aro4hu1c3oeioove7l0i4i14o\gradle-8.0.1\lib\gradle-launcher-8.0.1.jar
Launcher Type: SUN_STANDARD

[Global flags]
     intx CICompilerCount                          = 3                                         {product} {ergonomic}
   size_t CompressedClassSpaceSize                 = 436207616                                 {product} {ergonomic}
     uint ConcGCThreads                            = 1                                         {product} {ergonomic}
     uint G1ConcRefinementThreads                  = 4                                         {product} {ergonomic}
   size_t G1HeapRegionSize                         = 1048576                                   {product} {ergonomic}
    uintx GCDrainStackTargetSize                   = 64                                        {product} {ergonomic}
   size_t InitialHeapSize                          = 134217728                                 {product} {ergonomic}
   size_t MarkStackSize                            = 4194304                                   {product} {ergonomic}
   size_t MaxHeapSize                              = 2147483648                                {product} {command line}
   size_t MaxMetaspaceSize                         = 536870912                                 {product} {command line}
   size_t MaxNewSize                               = 1287651328                                {product} {ergonomic}
   size_t MinHeapDeltaBytes                        = 1048576                                   {product} {ergonomic}
   size_t MinHeapSize                              = 8388608                                   {product} {ergonomic}
    uintx NonNMethodCodeHeapSize                   = 5832780                                {pd product} {ergonomic}
    uintx NonProfiledCodeHeapSize                  = 122912730                              {pd product} {ergonomic}
    uintx ProfiledCodeHeapSize                     = 122912730                              {pd product} {ergonomic}
    uintx ReservedCodeCacheSize                    = 251658240                              {pd product} {ergonomic}
     bool SegmentedCodeCache                       = true                                      {product} {ergonomic}
   size_t SoftMaxHeapSize                          = 2147483648                             {manageable} {ergonomic}
     bool UseCompressedClassPointers               = true                           {product lp64_product} {ergonomic}
     bool UseCompressedOops                        = true                           {product lp64_product} {ergonomic}
     bool UseG1GC                                  = true                                      {product} {ergonomic}
     bool UseLargePagesIndividualAllocation        = false                                  {pd product} {ergonomic}

Logging:
Log output configuration:
 #0: stdout all=warning uptime,level,tags
 #1: stderr all=off uptime,level,tags

Environment Variables:
JAVA_HOME=C:\Program Files\Microsoft\jdk-17.0.8.7-hotspot\
CLASSPATH=C:\projects\KistiApp\android\\gradle\wrapper\gradle-wrapper.jar
PATH=C:\projects\KistiApp\node_modules\.bin;C:\projects\KistiApp\node_modules\.bin;C:\projects\node_modules\.bin;C:\node_modules\.bin;C:\Users\arif\AppData\Roaming\npm\node_modules\npm\node_modules\@npmcli\run-script\lib\node-gyp-bin;C:\projects\KistiApp\node_modules\.bin;C:\projects\node_modules\.bin;C:\node_modules\.bin;C:\Users\arif\AppData\Roaming\npm\node_modules\npm\node_modules\@npmcli\run-script\lib\node-gyp-bin;C:\Program Files\WindowsApps\Microsoft.PowerShell_7.4.1.0_x64__8wekyb3d8bbwe;C:\Program Files\Microsoft\jdk-17.0.8.7-hotspot\bin;C:\Program Files\Microsoft\jdk-21.0.1.12-hotspot\bin;C:\Program Files\Microsoft\jdk-11.0.20.8-hotspot\bin;C:\WINDOWS\system32;C:\WINDOWS;C:\WINDOWS\System32\Wbem;C:\WINDOWS\System32\WindowsPowerShell\v1.0\;C:\WINDOWS\System32\OpenSSH\;C:\Users\arif\AppData\Roaming\nvm;C:\Program Files\nodejs;C:\Program Files\Git\cmd;C:\ProgramData\chocolatey\bin;C:\Program Files\dotnet\;C:\Program Files\Grass Valley\Chorus Hub\Tools\CLI\;C:\Program Files\nodejs\;C:\Program Files\Cloudflare\Cloudflare WARP\;C:\Program Files\Microsoft\jdk-17.0.8.7-hotspot\;C:\Users\arif\AppData\Local\Android\Sdk\tools;C:\Users\arif\AppData\Local\Microsoft\WindowsApps;C:\Users\arif\AppData\Roaming\nvm;C:\Program Files\nodejs;C:\Users\arif\AppData\Local\Programs\Microsoft VS Code\bin;C:\Users\arif\AppData\Local\Android\Sdk\platform-tools;C:\Users\arif\AppData\Local\Programs\oh-my-posh\bin;C:\Users\arif\AppData\Roaming\npm;
USERNAME=arif
OS=Windows_NT
PROCESSOR_IDENTIFIER=Intel64 Family 6 Model 78 Stepping 3, GenuineIntel
TMP=C:\Users\arif\AppData\Local\Temp
TEMP=C:\Users\arif\AppData\Local\Temp



---------------  S Y S T E M  ---------------

OS:
 Windows 10 , 64 bit Build 19041 (10.0.19041.3636)
OS uptime: 0 days 10:49 hours

CPU: total 4 (initial active 4) (2 cores per cpu, 2 threads per core) family 6 model 78 stepping 3 microcode 0xcc, cx8, cmov, fxsr, ht, mmx, 3dnowpref, sse, sse2, sse3, ssse3, sse4.1, sse4.2, popcnt, lzcnt, tsc, tscinvbit, avx, avx2, aes, erms, clmul, bmi1, bmi2, adx, fma, vzeroupper, clflush, clflushopt
Processor Information for all 4 processors :
  Max Mhz: 2000, Current Mhz: 2000, Mhz Limit: 2000

Memory: 4k page, system-wide physical 8083M (606M free)
TotalPageFile size 19155M (AvailPageFile size 5122M)
current process WorkingSet (physical memory assigned to process): 591M, peak: 593M
current process commit charge ("private bytes"): 635M, peak: 637M

vm_info: OpenJDK 64-Bit Server VM (17.0.8+7-LTS) for windows-amd64 JRE (17.0.8+7-LTS), built on Jul  7 2023 17:21:55 by "MicrosoftCorporation" with MS VC++ 16.10 / 16.11 (VS2019)

END.
